Executing exact solver
CPXPARAM_Threads                                 6
CPXPARAM_TimeLimit                               360
Tried aggregator 2 times.
MIP Presolve eliminated 466 rows and 773 columns.
MIP Presolve modified 978 coefficients.
Aggregator did 1918 substitutions.
Reduced MIP has 3722 rows, 3838 columns, and 9900 nonzeros.
Reduced MIP has 1501 binaries, 493 generals, 0 SOSs, and 0 indicators.
Presolve time = 0.02 sec. (34.67 ticks)
Found incumbent of value 621.000000 after 0.03 sec. (40.32 ticks)
Probing fixed 13 vars, tightened 0 bounds.
Probing time = 0.00 sec. (0.96 ticks)
Tried aggregator 1 time.
MIP Presolve eliminated 530 rows and 570 columns.
Reduced MIP has 3192 rows, 3268 columns, and 8525 nonzeros.
Reduced MIP has 1262 binaries, 402 generals, 0 SOSs, and 0 indicators.
Presolve time = 0.00 sec. (8.04 ticks)
Probing time = 0.00 sec. (0.74 ticks)
Tried aggregator 1 time.
MIP Presolve eliminated 2770 rows and 2851 columns.
Reduced MIP has 422 rows, 417 columns, and 1131 nonzeros.
Reduced MIP has 159 binaries, 46 generals, 0 SOSs, and 0 indicators.
Presolve time = 0.00 sec. (2.36 ticks)
Probing time = 0.00 sec. (0.10 ticks)
Tried aggregator 1 time.
Reduced MIP has 422 rows, 417 columns, and 1131 nonzeros.
Reduced MIP has 159 binaries, 46 generals, 0 SOSs, and 0 indicators.
Presolve time = 0.00 sec. (0.83 ticks)
Probing time = 0.00 sec. (0.10 ticks)
Clique table members: 25.
MIP emphasis: balance optimality and feasibility.
MIP search method: dynamic search.
Parallel mode: deterministic, using up to 6 threads.
Root relaxation solution time = 0.00 sec. (1.65 ticks)

        Nodes                                         Cuts/
   Node  Left     Objective  IInf  Best Integer    Best Bound    ItCnt     Gap

*     0+    0                          253.0000       83.0000            67.19%
      0     0       86.3841    43      253.0000       86.3841      149   65.86%
*     0+    0                           97.0000       86.3841            10.94%
      0     0       88.9218    25       97.0000      Cuts: 44      174    8.33%
*     0+    0                           96.0000       88.9218             7.37%
      0     0       89.0859    15       96.0000       Cuts: 6      180    7.20%
      0     0       89.1522    26       96.0000       Cuts: 2      202    7.13%
      0     0       89.1585    26       96.0000      Cuts: 17      216    7.13%
      0     0       89.1770    37       96.0000       Cuts: 9      224    7.11%
      0     0       89.1770    37       96.0000       Cuts: 2      228    7.11%
*     0+    0                           94.0000       89.1770             5.13%
*     0+    0                           92.0000       89.1770             3.07%
      0     2       89.1770    32       92.0000       89.3760      228    2.85%
Elapsed time = 0.33 sec. (264.41 ticks, tree = 0.02 MB, solutions = 6)

Clique cuts applied:  5
Implied bound cuts applied:  14
Flow cuts applied:  2
Mixed integer rounding cuts applied:  3
Gomory fractional cuts applied:  7

Root node processing (before b&c):
  Real time             =    0.34 sec. (264.40 ticks)
Parallel b&c, 6 threads:
  Real time             =    0.02 sec. (10.80 ticks)
  Sync time (average)   =    0.01 sec.
  Wait time (average)   =    0.00 sec.
                          ------------
Total (root+branch&cut) =    0.36 sec. (275.21 ticks)

Status of the found solution: Optimal

