Executing exact solver
CPXPARAM_Threads                                 6
CPXPARAM_TimeLimit                               360
Tried aggregator 2 times.
MIP Presolve eliminated 165 rows and 518 columns.
MIP Presolve modified 1032 coefficients.
Aggregator did 2026 substitutions.
Reduced MIP has 3961 rows, 4142 columns, and 10702 nonzeros.
Reduced MIP has 1605 binaries, 569 generals, 0 SOSs, and 0 indicators.
Presolve time = 0.02 sec. (37.00 ticks)
Found incumbent of value 630.000000 after 0.02 sec. (43.05 ticks)
Probing fixed 6 vars, tightened 0 bounds.
Probing time = 0.02 sec. (0.48 ticks)
Tried aggregator 1 time.
MIP Presolve eliminated 488 rows and 571 columns.
Reduced MIP has 3473 rows, 3571 columns, and 9392 nonzeros.
Reduced MIP has 1371 binaries, 464 generals, 0 SOSs, and 0 indicators.
Presolve time = 0.02 sec. (9.01 ticks)
Probing time = 0.00 sec. (0.70 ticks)
Tried aggregator 1 time.
MIP Presolve eliminated 3045 rows and 3149 columns.
Reduced MIP has 428 rows, 422 columns, and 1154 nonzeros.
Reduced MIP has 161 binaries, 49 generals, 0 SOSs, and 0 indicators.
Presolve time = 0.00 sec. (2.53 ticks)
Probing time = 0.00 sec. (0.09 ticks)
Tried aggregator 1 time.
Reduced MIP has 428 rows, 422 columns, and 1154 nonzeros.
Reduced MIP has 161 binaries, 49 generals, 0 SOSs, and 0 indicators.
Presolve time = 0.00 sec. (0.86 ticks)
Probing time = 0.00 sec. (0.09 ticks)
Clique table members: 7.
MIP emphasis: balance optimality and feasibility.
MIP search method: dynamic search.
Parallel mode: deterministic, using up to 6 threads.
Root relaxation solution time = 0.00 sec. (1.74 ticks)

        Nodes                                         Cuts/
   Node  Left     Objective  IInf  Best Integer    Best Bound    ItCnt     Gap

*     0+    0                          137.0000       28.0000            79.56%
      0     0       30.6027    44      137.0000       30.6027      187   77.66%
*     0+    0                           44.0000       30.6027            30.45%
      0     0       32.4013    25       44.0000      Cuts: 29      220   26.36%
*     0+    0                           39.0000       32.4013            16.92%
      0     0       32.6730    16       39.0000       Cuts: 8      246   16.22%
*     0+    0                           38.0000       32.6730            14.02%
      0     0       32.6924    20       38.0000    MIRcuts: 1      252   13.97%
*     0+    0                           36.0000       32.6924             9.19%
*     0+    0                           35.0000       32.6924             6.59%
      0     2       32.6924    20       35.0000       32.7991      252    6.29%
Elapsed time = 0.30 sec. (259.51 ticks, tree = 0.02 MB, solutions = 7)

Clique cuts applied:  4
Implied bound cuts applied:  15
Mixed integer rounding cuts applied:  2
Lift and project cuts applied:  8
Gomory fractional cuts applied:  9

Root node processing (before b&c):
  Real time             =    0.30 sec. (259.51 ticks)
Parallel b&c, 6 threads:
  Real time             =    0.03 sec. (9.16 ticks)
  Sync time (average)   =    0.02 sec.
  Wait time (average)   =    0.00 sec.
                          ------------
Total (root+branch&cut) =    0.33 sec. (268.66 ticks)

Status of the found solution: Optimal

