Executing exact solver
CPXPARAM_Threads                                 6
CPXPARAM_TimeLimit                               360
Tried aggregator 2 times.
MIP Presolve eliminated 596 rows and 488 columns.
MIP Presolve modified 5084 coefficients.
Aggregator did 10018 substitutions.
Reduced MIP has 19888 rows, 16650 columns, and 53664 nonzeros.
Reduced MIP has 5888 binaries, 894 generals, 0 SOSs, and 0 indicators.
Presolve time = 0.08 sec. (146.41 ticks)
Found incumbent of value 994.000000 after 0.11 sec. (174.64 ticks)
Probing fixed 80 vars, tightened 0 bounds.
Probing time = 0.02 sec. (2.94 ticks)
Tried aggregator 1 time.
MIP Presolve eliminated 737 rows and 88 columns.
Reduced MIP has 19151 rows, 16562 columns, and 51657 nonzeros.
Reduced MIP has 5805 binaries, 893 generals, 0 SOSs, and 0 indicators.
Presolve time = 0.05 sec. (38.63 ticks)
Probing time = 0.02 sec. (2.08 ticks)
Clique table members: 2214.
MIP emphasis: balance optimality and feasibility.
MIP search method: dynamic search.
Parallel mode: deterministic, using up to 6 threads.
Root relaxation solution time = 1.88 sec. (2012.41 ticks)

        Nodes                                         Cuts/
   Node  Left     Objective  IInf  Best Integer    Best Bound    ItCnt     Gap

*     0+    0                          531.0000      120.0000            77.40%
      0     0      219.8964  1736      531.0000      219.8964       19   58.59%
      0     0      316.8540  1484      531.0000    Cuts: 3046     8832   40.33%
      0     0      319.9414  1550      531.0000     Cuts: 359    10821   39.75%
      0     0      321.8329  1549      531.0000     Cuts: 229    12734   39.39%
      0     0      322.0410  1552      531.0000     Cuts: 161    13718   39.35%
      0     0      322.0992  1545      531.0000      Cuts: 94    14101   39.34%
      0     0      322.1418  1530      531.0000      Cuts: 76    14224   39.33%
      0     0      322.1575  1541      531.0000      Cuts: 40    14321   39.33%
      0     0      322.1724  1545      531.0000      Cuts: 14    14388   39.33%
*     0+    0                          442.0000      322.1724            27.11%
*     0+    0                          397.0000      322.1724            18.85%
      0     2      322.1724  1545      397.0000      322.1724    14388   18.85%
Elapsed time = 37.48 sec. (22875.09 ticks, tree = 0.02 MB, solutions = 4)
      1     3      322.3381  1545      397.0000      322.1724    15838   18.85%
      2     3      323.5963   660      397.0000      322.1724    16515   18.85%
      3     4      322.9115  1526      397.0000      322.1724    16239   18.85%
      4     5      323.7687  1544      397.0000      322.3538    18401   18.80%
      6     5      324.1341  1551      397.0000      322.3538    18477   18.80%
      8     6      323.0515  1522      397.0000      322.3538    20439   18.80%
     12     9      324.7035  1545      397.0000      322.6305    21801   18.73%
     13    10      324.2699  1540      397.0000      322.6305    23162   18.73%
     16    11      323.7072  1541      397.0000      322.6305    25438   18.73%
     25    21      325.8096  1529      397.0000      322.6305    41870   18.73%
Elapsed time = 46.27 sec. (27000.91 ticks, tree = 1.16 MB, solutions = 4)
     32    30      326.3055   482      397.0000      322.6305    53118   18.73%
     46    34      327.8410   470      397.0000      322.6305    58400   18.73%
     58    51      326.7902   458      397.0000      322.6305    92377   18.73%
     64    62      328.0610   456      397.0000      322.6305   116028   18.73%
     73    68      326.9421   471      397.0000      322.6305   126558   18.73%
     75    70      334.5980   504      397.0000      322.6305   130601   18.73%
     86    76      329.2272   455      397.0000      322.6305   135877   18.73%
     90    78      333.9962  1520      397.0000      322.6305   145111   18.73%
     98    80      340.4256   591      397.0000      322.6305   150630   18.73%
    106    85      337.7555   652      397.0000      322.6305   160865   18.73%
Elapsed time = 66.97 sec. (37371.94 ticks, tree = 2.94 MB, solutions = 4)
    111    98      338.6895   645      397.0000      322.6305   198930   18.73%
    118   113      344.2950   523      397.0000      322.6305   248807   18.73%
    132   128      330.7011   426      397.0000      322.6305   292534   18.73%
    135   120      328.5250   457      397.0000      322.6305   271392   18.73%
    138   117      340.8155   541      397.0000      322.6305   271248   18.73%
    149   139      354.9030   496      397.0000      322.6305   345731   18.73%
    163   143      328.2977   452      397.0000      322.6305   354814   18.73%
    173   149      330.3788   430      397.0000      322.6305   362722   18.73%
    190   164      329.9488   443      397.0000      322.6305   387679   18.73%
    207   183      333.0653   407      397.0000      322.6305   404190   18.73%
Elapsed time = 90.45 sec. (49128.87 ticks, tree = 7.73 MB, solutions = 4)
    216   154      345.7407   542      397.0000      322.6305   369176   18.73%
    229   205      334.8828   586      397.0000      322.6305   428137   18.73%
    234   200      355.9056   560      397.0000      322.6305   423362   18.73%
    241   229      341.5022   507      397.0000      322.6305   455921   18.73%
    255   235      341.8496   464      397.0000      322.6305   458815   18.73%
    265   238      339.3197   502      397.0000      322.6305   460936   18.73%
    267   244      354.6821   521      397.0000      322.6305   472561   18.73%
    271   254      341.3763   513      397.0000      322.6305   480800   18.73%
    286   264      335.9243   609      397.0000      322.6305   482473   18.73%
    301   258      345.5533  1614      397.0000      322.6305   485882   18.73%
Elapsed time = 112.31 sec. (60881.97 ticks, tree = 19.01 MB, solutions = 4)
    321   276      332.7215   403      397.0000      322.6305   491157   18.73%
    330   270      336.5534   663      397.0000      322.6305   489038   18.73%
    350   289      341.3736   464      397.0000      322.6305   506964   18.73%
    368   323      337.7912   425      397.0000      322.6305   533942   18.73%
    383   345      339.2838   472      397.0000      322.6305   546078   18.73%
    397   333      335.4839   373      397.0000      322.6305   538375   18.73%
    415   388      333.8443   406      397.0000      322.6305   570289   18.73%
    430   375      343.1781   427      397.0000      322.6305   565864   18.73%
    447   430      345.8983   352      397.0000      322.6305   599459   18.73%
    454   434      356.2853   496      397.0000      322.6305   602037   18.73%
Elapsed time = 132.63 sec. (71228.89 ticks, tree = 43.26 MB, solutions = 4)
    472   423      337.7388   406      397.0000      322.6305   595025   18.73%
    488   426      337.4811   383      397.0000      322.6305   597163   18.73%
    508   442      344.9041   334      397.0000      322.6305   608135   18.73%
    528   455      341.2235  1459      397.0000      322.6305   617134   18.73%
    547   461      342.6983   395      397.0000      322.6305   619128   18.73%
    560   470      345.9941   422      397.0000      322.6305   637258   18.73%
    573   500      352.4078  1443      397.0000      322.6305   659826   18.73%
    587   504      346.7846   323      397.0000      322.6305   661987   18.73%
    607   579      348.7429   401      397.0000      322.6305   705937   18.73%
    623   581      349.0326   400      397.0000      322.6305   708110   18.73%
Elapsed time = 153.30 sec. (81107.54 ticks, tree = 65.94 MB, solutions = 4)
    635   555      344.0703   328      397.0000      322.6305   693698   18.73%
    650   558      348.2105   379      397.0000      322.6305   696257   18.73%
    678   591      350.5691   400      397.0000      322.6305   714997   18.73%
    689   622      342.2329   373      397.0000      322.6305   745363   18.73%
    709   649      346.8385   381      397.0000      322.6305   768976   18.73%
    731   688      359.0846   328      397.0000      322.6305   793948   18.73%
    749   695      353.9529   295      397.0000      322.6305   795920   18.73%
    772   650      354.2637   316      397.0000      322.6305   765559   18.73%
    790   709      360.6354   308      397.0000      322.6305   800339   18.73%
    804   715      359.0640   288      397.0000      322.6305   801725   18.73%
Elapsed time = 173.59 sec. (91381.52 ticks, tree = 85.78 MB, solutions = 4)
    823   722      361.9735   307      397.0000      322.6305   803930   18.73%
    837   764      347.0940   333      397.0000      322.6305   849983   18.73%
    855   805      363.3001   283      397.0000      322.6305   861920   18.73%
    887   761      354.4073   291      397.0000      322.6305   844399   18.73%
    898   818      349.8077   318      397.0000      322.6305   871627   18.73%
    923   873      362.4418   388      397.0000      322.6305   903733   18.73%
    945   877      362.4321   384      397.0000      322.6305   906698   18.73%
    970   859      362.6583   339      397.0000      322.6305   890063   18.73%
    999   837      354.2589   288      397.0000      322.6305   880818   18.73%
   1012   892      377.8569   431      397.0000      322.6305   913893   18.73%
Elapsed time = 193.53 sec. (101710.24 ticks, tree = 115.97 MB, solutions = 4)
   1030   916      378.5452   327      397.0000      322.6305   919618   18.73%
   1048  1014      350.5702   331      397.0000      322.6305   973976   18.73%
   1061   927      383.4112   356      397.0000      322.6305   924304   18.73%
   1080   931      367.6013   361      397.0000      322.6305   935666   18.73%
   1108   936      359.2582   330      397.0000      322.6305   937953   18.73%
   1134   963      362.4593   335      397.0000      322.6305   952559   18.73%
   1162  1026      358.1620   425      397.0000      322.6305   985726   18.73%
   1184  1134      354.0640   317      397.0000      322.6305  1052167   18.73%
   1204  1071      379.6001   236      397.0000      322.6305   997914   18.73%
   1230  1075      368.1835   326      397.0000      322.6305  1008178   18.73%
Elapsed time = 213.06 sec. (112051.78 ticks, tree = 144.91 MB, solutions = 4)
   1263  1083      370.0866   315      397.0000      322.6305  1010434   18.73%
   1294  1193      378.3162   338      397.0000      322.6305  1077134   18.73%
   1314  1243      377.3148   313      397.0000      322.6305  1103334   18.73%
   1334  1190      391.7727   238      397.0000      322.6305  1073767   18.73%
   1365  1258      386.6896   503      397.0000      322.6305  1117467   18.73%
   1388  1282      360.3538   303      397.0000      322.6305  1131300   18.73%
   1412  1217      380.9569   324      397.0000      322.6305  1088678   18.73%
   1437  1288      366.5824   321      397.0000      322.6305  1135939   18.73%
   1462  1294      365.5335   315      397.0000      322.6305  1138196   18.73%
   1541  1398      382.2563   261      397.0000      322.6305  1175401   18.73%
Elapsed time = 233.89 sec. (125147.57 ticks, tree = 196.51 MB, solutions = 4)

GUB cover cuts applied:  120
Clique cuts applied:  95
Cover cuts applied:  74
Implied bound cuts applied:  373
Flow cuts applied:  1601
Mixed integer rounding cuts applied:  2748
Zero-half cuts applied:  13
Lift and project cuts applied:  34
Gomory fractional cuts applied:  1

Root node processing (before b&c):
  Real time             =   37.45 sec. (22853.22 ticks)
Parallel b&c, 6 threads:
  Real time             =  322.61 sec. (161845.93 ticks)
  Sync time (average)   =   12.10 sec.
  Wait time (average)   =    0.00 sec.
                          ------------
Total (root+branch&cut) =  360.06 sec. (184699.15 ticks)

Status of the found solution: Feasible

