Executing exact solver
CPXPARAM_Threads                                 6
CPXPARAM_TimeLimit                               360
Tried aggregator 2 times.
MIP Presolve eliminated 3230 rows and 2495 columns.
MIP Presolve modified 18857 coefficients.
Aggregator did 38101 substitutions.
Reduced MIP has 77369 rows, 59548 columns, and 208359 nonzeros.
Reduced MIP has 20160 binaries, 900 generals, 0 SOSs, and 0 indicators.
Presolve time = 0.36 sec. (1490.63 ticks)
Found incumbent of value 1000.000000 after 0.48 sec. (1598.00 ticks)
Probing fixed 505 vars, tightened 0 bounds.
Probing time = 0.09 sec. (14.81 ticks)
Tried aggregator 1 time.
MIP Presolve eliminated 11846 rows and 505 columns.
Reduced MIP has 65523 rows, 59043 columns, and 174321 nonzeros.
Reduced MIP has 19655 binaries, 900 generals, 0 SOSs, and 0 indicators.
Presolve time = 0.19 sec. (183.40 ticks)
Probing time = 0.06 sec. (11.63 ticks)
Clique table members: 27000.
MIP emphasis: balance optimality and feasibility.
MIP search method: dynamic search.
Parallel mode: deterministic, using up to 6 threads.
Root relaxation solution time = 22.56 sec. (20149.95 ticks)

        Nodes                                         Cuts/
   Node  Left     Objective  IInf  Best Integer    Best Bound    ItCnt     Gap

*     0+    0                         1000.0000      589.0000            41.10%
*     0+    0                          990.0000      589.0000            40.51%
      0     0      670.7091  1654      990.0000      670.7091    31554   32.25%
*     0+    0                          987.0000      670.7091            32.05%
      0     0      796.0695  3177      987.0000   Cuts: 10000    96297   19.34%
      0     0      798.8296  3604      987.0000    Cuts: 5050   118037   19.06%
      0     0      799.7502  3608      987.0000    Cuts: 1932   125758   18.97%
      0     0      800.0882  3636      987.0000    Cuts: 1642   132883   18.94%
      0     0      800.2781  3633      987.0000    Cuts: 1219   136996   18.92%
      0     0      800.5153  3659      987.0000    Cuts: 1523   141136   18.89%
      0     0      800.6147  3676      987.0000    Cuts: 1184   144169   18.88%
      0     0      800.6824  3680      987.0000     Cuts: 783   147578   18.88%
      0     0      800.7736  3675      987.0000     Cuts: 782   151392   18.87%
      0     0      800.8424  3674      987.0000     Cuts: 611   154936   18.86%
      0     0      800.8765  3719      987.0000     Cuts: 505   156892   18.86%
Heuristic still looking.
*     0+    0                          832.0000      800.8765             3.74%
Heuristic still looking.
*     0+    0                          828.0000      800.8765             3.28%
      0     2      800.8765  3719      828.0000      800.8765   156892    3.28%
Elapsed time = 291.52 sec. (265628.82 ticks, tree = 0.02 MB, solutions = 5)
      1     3      801.6676  3544      828.0000      800.8770   191987    3.28%
      2     3      801.4855  3406      828.0000      800.8770   180601    3.28%
      3     4      802.3743  3459      828.0000      800.8770   209533    3.28%
      4     5      802.1018  3539      828.0000      801.4864   231623    3.20%

Clique cuts applied:  1520
Implied bound cuts applied:  4299
Flow cuts applied:  48
Mixed integer rounding cuts applied:  467
Zero-half cuts applied:  10
Lift and project cuts applied:  10

Root node processing (before b&c):
  Real time             =  291.36 sec. (265557.02 ticks)
Parallel b&c, 6 threads:
  Real time             =   68.78 sec. (36490.72 ticks)
  Sync time (average)   =   24.13 sec.
  Wait time (average)   =    0.00 sec.
                          ------------
Total (root+branch&cut) =  360.14 sec. (302047.73 ticks)

Status of the found solution: Feasible

172