Executing exact solver
CPXPARAM_Threads                                 6
CPXPARAM_TimeLimit                               360
Tried aggregator 2 times.
MIP Presolve eliminated 1444 rows and 1163 columns.
MIP Presolve modified 9670 coefficients.
Aggregator did 19364 substitutions.
Reduced MIP has 39030 rows, 30911 columns, and 105136 nonzeros.
Reduced MIP has 10623 binaries, 900 generals, 0 SOSs, and 0 indicators.
Presolve time = 0.17 sec. (431.39 ticks)
Found incumbent of value 1000.000000 after 0.23 sec. (485.94 ticks)
Probing fixed 223 vars, tightened 0 bounds.
Probing time = 0.03 sec. (6.23 ticks)
Tried aggregator 1 time.
MIP Presolve eliminated 3065 rows and 223 columns.
Reduced MIP has 35965 rows, 30688 columns, and 96590 nonzeros.
Reduced MIP has 10400 binaries, 900 generals, 0 SOSs, and 0 indicators.
Presolve time = 0.08 sec. (77.29 ticks)
Probing time = 0.02 sec. (5.16 ticks)
Clique table members: 9193.
MIP emphasis: balance optimality and feasibility.
MIP search method: dynamic search.
Parallel mode: deterministic, using up to 6 threads.
Root relaxation solution time = 8.73 sec. (8819.30 ticks)

        Nodes                                         Cuts/
   Node  Left     Objective  IInf  Best Integer    Best Bound    ItCnt     Gap

*     0+    0                         1000.0000      294.0000            70.60%
*     0+    0                          833.0000      294.0000            64.71%
      0     0      410.0533  1751      833.0000      410.0533    20668   50.77%
*     0+    0                          689.0000      410.0533            40.49%
      0     0      556.2008  2647      689.0000    Cuts: 8678    53197   19.27%
      0     0      557.6506  2620      689.0000    Cuts: 1412    59318   19.06%
      0     0      558.6915  2655      689.0000     Cuts: 989    64741   18.91%
*     0+    0                          687.0000      558.6915            18.68%
*     0+    0                          672.0000      558.6915            16.86%
      0     0      558.9790  2646      672.0000     Cuts: 592    67579   16.82%
      0     0      559.2552  2655      672.0000     Cuts: 632    70024   16.78%
      0     0      559.5361  2652      672.0000     Cuts: 439    72859   16.74%
      0     0      559.6230  2631      672.0000     Cuts: 345    74857   16.72%
      0     0      559.7181  2655      672.0000     Cuts: 333    76459   16.71%
      0     0      559.7561  2653      672.0000     Cuts: 126    77319   16.70%
      0     0      559.7760  2645      672.0000     Cuts: 164    77826   16.70%
Heuristic still looking.
*     0+    0                          631.0000      559.7760            11.29%
*     0+    0                          621.0000      559.7760             9.86%
      0     2      559.7760  2645      621.0000      559.7760    77826    9.86%
Elapsed time = 243.58 sec. (110332.98 ticks, tree = 0.02 MB, solutions = 7)
      1     3      560.3161  2556      621.0000      559.7760    88085    9.86%
      2     4      561.2149  2555      621.0000      559.7760    96840    9.86%
      3     4      560.3657  2532      621.0000      559.7760    90996    9.86%
      4     3      560.6966  2585      621.0000      559.7760    93295    9.86%
      5     5      562.1877  2555      621.0000      559.7760   108804    9.86%
      6     6      561.0733  2572      621.0000      559.7760   113773    9.86%
      7     5      561.5336  2507      621.0000      559.7760   102762    9.86%
      8     6      561.8565  2563      621.0000      559.7760   120511    9.86%
      9     7      562.7358  2665      621.0000      560.3661   144217    9.76%
     11     9      561.5697  2556      621.0000      560.3661   151062    9.76%
Elapsed time = 284.72 sec. (129043.67 ticks, tree = 0.03 MB, solutions = 7)
     12     8      563.1729  2611      621.0000      560.3661   140308    9.76%
     13    14      561.8030  2618      621.0000      561.0735   241540    9.65%
     14    13      562.5739  2649      621.0000      561.0735   229485    9.65%
     18    10      564.3407  2577      621.0000      561.0735   164321    9.65%
     21    17      563.9930  2656      621.0000      561.0735   274155    9.65%
     23    21      562.4316  2606      621.0000      561.0735   328770    9.65%
     26    16      564.1593  2617      621.0000      561.0735   272659    9.65%
     27    19      565.9032  2633      621.0000      561.0735   317043    9.65%
     28    19      563.5207  2607      621.0000      561.0735   297773    9.65%
     29    23      564.2917  2621      621.0000      561.0735   363299    9.65%
Elapsed time = 334.91 sec. (147227.33 ticks, tree = 0.10 MB, solutions = 7)
     32    20      564.8172  2577      621.0000      561.0735   325151    9.65%
     34    26      564.1108  2608      621.0000      561.0735   388512    9.65%
     37    31      564.2404  2651      621.0000      561.0735   443457    9.65%
     39    29      565.4212  2625      621.0000      561.0735   421657    9.65%
     40    24      567.3135  1766      621.0000      561.0735   395076    9.65%

Clique cuts applied:  575
Implied bound cuts applied:  2724
Flow cuts applied:  5
Mixed integer rounding cuts applied:  274
Zero-half cuts applied:  12
Lift and project cuts applied:  3
Gomory fractional cuts applied:  1

Root node processing (before b&c):
  Real time             =  243.48 sec. (110290.32 ticks)
Parallel b&c, 6 threads:
  Real time             =  116.59 sec. (47152.88 ticks)
  Sync time (average)   =    9.20 sec.
  Wait time (average)   =    0.00 sec.
                          ------------
Total (root+branch&cut) =  360.08 sec. (157443.19 ticks)

Status of the found solution: Feasible

379