Executing exact solver
CPXPARAM_Threads                                 6
CPXPARAM_TimeLimit                               360
Tried aggregator 2 times.
MIP Presolve eliminated 8484 rows and 6588 columns.
MIP Presolve modified 45708 coefficients.
Aggregator did 93264 substitutions.
Reduced MIP has 190962 rows, 144468 columns, and 513630 nonzeros.
Reduced MIP has 48456 binaries, 900 generals, 0 SOSs, and 0 indicators.
Presolve time = 0.92 sec. (8320.67 ticks)
Found incumbent of value 1000.000000 after 1.28 sec. (8584.85 ticks)
Probing fixed 863 vars, tightened 0 bounds.
Probing time = 0.22 sec. (36.35 ticks)
Tried aggregator 1 time.
MIP Presolve eliminated 46569 rows and 863 columns.
Reduced MIP has 144393 rows, 143605 columns, and 378308 nonzeros.
Reduced MIP has 47593 binaries, 900 generals, 0 SOSs, and 0 indicators.
Presolve time = 0.63 sec. (1036.12 ticks)
Probing time = 0.14 sec. (25.67 ticks)
Clique table members: 36863.
MIP emphasis: balance optimality and feasibility.
MIP search method: dynamic search.
Parallel mode: deterministic, using up to 6 threads.
Root relaxation solution time = 30.67 sec. (25333.71 ticks)

        Nodes                                         Cuts/
   Node  Left     Objective  IInf  Best Integer    Best Bound    ItCnt     Gap

*     0+    0                         1000.0000      963.0000             3.70%
      0     0      969.4588  1768     1000.0000      969.4588    18914    3.05%
*     0+    0                          993.0000      969.4588             2.37%
      0     0      984.2500   356      993.0000    Cuts: 9998    34448    0.88%
      0     0      984.6826  2312      993.0000    Cuts: 1538    43793    0.84%
*     0+    0                          985.0000      984.6826             0.03%
      0     0        cutoff            985.0000      984.6826    43793    0.03%
Elapsed time = 95.56 sec. (84194.43 ticks, tree = 0.01 MB, solutions = 3)

Clique cuts applied:  3290
Implied bound cuts applied:  3893
Mixed integer rounding cuts applied:  122
Flow path cuts applied:  12
Gomory fractional cuts applied:  57

Root node processing (before b&c):
  Real time             =   95.61 sec. (84201.79 ticks)
Parallel b&c, 6 threads:
  Real time             =    0.00 sec. (0.00 ticks)
  Sync time (average)   =    0.00 sec.
  Wait time (average)   =    0.00 sec.
                          ------------
Total (root+branch&cut) =   95.61 sec. (84201.79 ticks)

Status of the found solution: Optimal

15