Executing exact solver
CPXPARAM_Threads                                 6
CPXPARAM_TimeLimit                               360
Tried aggregator 2 times.
MIP Presolve eliminated 1798 rows and 1388 columns.
MIP Presolve modified 4657 coefficients.
Aggregator did 9303 substitutions.
Reduced MIP has 18797 rows, 15601 columns, and 49723 nonzeros.
Reduced MIP has 5515 binaries, 794 generals, 0 SOSs, and 0 indicators.
Presolve time = 0.09 sec. (136.56 ticks)
Found incumbent of value 994.000000 after 0.13 sec. (163.09 ticks)
Probing fixed 208 vars, tightened 0 bounds.
Probing time = 0.02 sec. (3.78 ticks)
Tried aggregator 1 time.
MIP Presolve eliminated 1885 rows and 274 columns.
Reduced MIP has 16912 rows, 15327 columns, and 44618 nonzeros.
Reduced MIP has 5284 binaries, 787 generals, 0 SOSs, and 0 indicators.
Presolve time = 0.03 sec. (38.39 ticks)
Probing time = 0.00 sec. (2.41 ticks)
Clique table members: 4820.
MIP emphasis: balance optimality and feasibility.
MIP search method: dynamic search.
Parallel mode: deterministic, using up to 6 threads.
Root relaxation solution time = 1.70 sec. (1515.39 ticks)

        Nodes                                         Cuts/
   Node  Left     Objective  IInf  Best Integer    Best Bound    ItCnt     Gap

*     0+    0                          756.0000      333.0000            55.95%
      0     0      435.4739  1521      756.0000      435.4739     8619   42.40%
      0     0      558.4869  2046      756.0000    Cuts: 4328    21619   26.13%
      0     0      562.1626  2031      756.0000    Cuts: 1111    26623   25.64%
      0     0      563.6365  1971      756.0000     Cuts: 535    29391   25.44%
      0     0      564.7615  2068      756.0000     Cuts: 392    31628   25.30%
      0     0      564.9110  2070      756.0000     Cuts: 277    32952   25.28%
      0     0      565.0056  2043      756.0000     Cuts: 126    33842   25.26%
      0     0      565.0420  2085      756.0000      Cuts: 82    34562   25.26%
      0     0      565.1134  1662      756.0000      Cuts: 23    34946   25.25%
      0     0      565.1137  1777      756.0000     Cuts: 505    35334   25.25%
*     0+    0                          706.0000      565.1137            19.96%
*     0+    0                          694.0000      565.1137            18.57%
*     0+    0                          690.0000      567.7992            17.71%
      0     2      565.1137  1777      690.0000      567.7992    35334   17.71%
Elapsed time = 58.38 sec. (31567.56 ticks, tree = 0.02 MB, solutions = 5)
      1     3      565.5976  1812      690.0000      567.7992    40372   17.71%
*     2+    1                          689.0000      567.7992            17.59%
      2     3      565.8571  1810      689.0000      567.7992    40470   17.59%
      3     4      566.9865  1768      689.0000      567.7992    43275   17.59%
      4     6      567.5449  1835      689.0000      567.7992    50416   17.59%
      5     5      567.1889  1936      689.0000      567.7992    49497   17.59%
*     6+    2                          689.0000      567.7992            17.59%
      6     4      565.9695  1791      689.0000      567.7992    43025   17.59%
*    10+    4                          687.0000      567.7992            17.35%
     11    12      567.5151  1859      687.0000      567.7992    69133   17.35%
     14    13      567.4034  1824      687.0000      567.7992    70716   17.35%
     16    15      566.7711  1927      687.0000      567.7992    81466   17.35%
     23    18      568.3552  1952      687.0000      567.7992   108472   17.35%
Elapsed time = 72.63 sec. (38761.28 ticks, tree = 0.05 MB, solutions = 9)
     25    22      567.8759  1857      687.0000      567.7992   124882   17.35%
     28    29      575.8206  1964      687.0000      567.7992   161302   17.35%
     32    24      575.1752  1867      687.0000      567.7992   150987   17.35%
     37    33      568.1931  1858      687.0000      567.7992   171290   17.35%
     44    41      568.0716  1824      687.0000      567.7992   211284   17.35%
     49    45      568.4301  1856      687.0000      567.7992   227033   17.35%
     57    47      568.6018  1870      687.0000      567.7992   234616   17.35%
     61    48      573.3573  1891      687.0000      567.7992   245937   17.35%
     66    56      569.1569  1894      687.0000      567.7992   285694   17.35%
     75    66      568.9504  1849      687.0000      567.7992   342522   17.35%
Elapsed time = 94.19 sec. (49666.51 ticks, tree = 0.94 MB, solutions = 9)
     78    75      576.8124  1847      687.0000      567.7992   358034   17.35%
     83    66      569.6937  1830      687.0000      567.7992   326879   17.35%
     88    87      567.9205  1879      687.0000      567.7992   388288   17.35%
     93    78      571.9949  1791      687.0000      567.7992   371352   17.35%
     99    88      576.9523  2024      687.0000      567.7992   387356   17.35%
    104    94      570.4796  1863      687.0000      567.7992   407401   17.35%
    106   100      568.6254  1853      687.0000      567.7992   422433   17.35%
    109   101      571.1556  1784      687.0000      567.7992   425364   17.35%
    117   105      577.9856  1871      687.0000      567.7992   432396   17.35%
    121   115      569.6682  1807      687.0000      567.7992   466595   17.35%
Elapsed time = 117.25 sec. (61223.82 ticks, tree = 1.84 MB, solutions = 9)
    127   107      573.4129  1903      687.0000      567.7992   451058   17.35%
    136   121      578.7256  1905      687.0000      567.7992   481097   17.35%
    138   122      573.0881  1935      687.0000      567.7992   491047   17.35%
    144   139      569.9957  1828      687.0000      567.7992   579972   17.35%
    151   127      569.3352  1935      687.0000      567.7992   509008   17.35%
    156   141      574.8145  1807      687.0000      567.7992   584761   17.35%
    161   149      571.1718  1886      687.0000      567.7992   607272   17.35%
    169   150      575.8586  1858      687.0000      567.7992   610044   17.35%
    172   146      577.9118  1809      687.0000      567.7992   595831   17.35%
    176   153      571.8814  1881      687.0000      567.7992   614695   17.35%
Elapsed time = 137.97 sec. (71785.15 ticks, tree = 3.18 MB, solutions = 9)
    182   154      574.3907  1850      687.0000      567.7992   617078   17.35%
    188   171      572.2569  1861      687.0000      567.7992   656215   17.35%
    192   180      584.2277  1794      687.0000      567.7992   670976   17.35%
    198   185      587.0542  1692      687.0000      567.7992   676051   17.35%
    205   193      572.6759  1770      687.0000      567.7992   689680   17.35%
    213   195      577.8471  1778      687.0000      567.7992   693561   17.35%
    221   204      580.6029  1882      687.0000      567.7992   703303   17.35%
    229   206      584.5278  1815      687.0000      567.7992   705914   17.35%
    239   217      589.2528  1656      687.0000      567.7992   716788   17.35%
    247   222      590.4827  1608      687.0000      567.7992   719996   17.35%
Elapsed time = 158.13 sec. (83066.99 ticks, tree = 11.84 MB, solutions = 9)
    261   222      579.0592  1664      687.0000      567.7992   728451   17.35%
    270   224      579.2575  1640      687.0000      567.7992   730945   17.35%
    286   240      593.5730  1673      687.0000      567.7992   749583   17.35%
    298   271      602.9860  1566      687.0000      567.7992   775541   17.35%
    313   278      604.2210  1569      687.0000      567.7992   778780   17.35%
    321   263      577.1440  1947      687.0000      567.7992   786883   17.35%
    332   295      585.2455  1658      687.0000      567.7992   816895   17.35%
    341   266      570.7848  1850      687.0000      567.7992   791621   17.35%
    350   267      575.2452  1928      687.0000      567.7992   794188   17.35%
    359   304      577.0688  1966      687.0000      567.7992   838018   17.35%
Elapsed time = 178.50 sec. (94160.01 ticks, tree = 21.97 MB, solutions = 9)
    366   331      608.3758  1509      687.0000      567.7992   844495   17.35%
    377   331      571.4842  1853      687.0000      567.7992   859779   17.35%
    388   348      613.5009  1491      687.0000      567.7992   881196   17.35%
    397   332      575.1741  1695      687.0000      567.7992   865250   17.35%
    413   383      618.0808  1408      687.0000      567.7992   922826   17.35%
    428   364      577.0382  1806      687.0000      567.7992   916309   17.35%
    451   372      620.1508  1416      687.0000      567.7992   892575   17.35%
    471   354      587.9552  1597      687.0000      567.7992   894693   17.35%
    497   400      609.8439  1505      687.0000      567.7992   946863   17.35%
    523   406      612.6762  1478      687.0000      567.7992   949834   17.35%
Elapsed time = 196.45 sec. (104322.81 ticks, tree = 30.03 MB, solutions = 9)
    554   439      632.9978  1267      687.0000      567.7992   939133   17.35%
    594   428      620.8698  1298      687.0000      567.7992   955416   17.35%
    637   439      624.9223  1197      687.0000      567.7992   958436   17.35%
    690   532      652.0990  1096      687.0000      567.7992   989867   17.35%
    750   553      664.6623  1095      687.0000      567.7992   993142   17.35%
    816   569      678.4383  1012      687.0000      567.7992   996666   17.35%
    873   681      658.1680  1054      687.0000      567.7992  1060609   17.35%
    918   642      660.5768   952      687.0000      567.7992  1045155   17.35%
    967   668      670.3602   932      687.0000      567.7992  1048171   17.35%
   1015   687      679.2631   941      687.0000      567.7992  1051947   17.35%
Elapsed time = 212.95 sec. (114021.19 ticks, tree = 72.60 MB, solutions = 9)
   1065   694      602.7334  1417      687.0000      567.7992  1086910   17.35%
   1072   700      566.4362  1850      687.0000      567.7992  1056453   17.35%
   1080   785      576.1257  1895      687.0000      567.7992  1122212   17.35%
   1083  1013      604.5349  1472      687.0000      567.7992  1173925   17.35%
   1098   907      567.2564  1819      687.0000      567.7992  1148070   17.35%
   1105   778      571.7384  1869      687.0000      567.7992  1113485   17.35%
   1113  1024      612.8381  1293      687.0000      567.7992  1184006   17.35%
   1120  1028      572.1448  1911      687.0000      567.7992  1199082   17.35%
   1133  1038      577.6774  1852      687.0000      567.7992  1216108   17.35%
   1150  1077      622.0478  1279      687.0000      567.7992  1249055   17.35%
Elapsed time = 231.13 sec. (123937.31 ticks, tree = 129.14 MB, solutions = 9)
   1168  1088      630.9344  1322      687.0000      567.7992  1252715   17.35%
   1183  1100      634.5875  1113      687.0000      567.7992  1256068   17.35%
   1198  1110      640.1987  1162      687.0000      567.7992  1259478   17.35%
   1215  1119      641.7977  1229      687.0000      567.7992  1263403   17.35%
   1234  1134      656.4706  1147      687.0000      567.7992  1267447   17.35%
   1243  1089      573.0552  1892      687.0000      567.7992  1298750   17.35%
   1255  1089      598.0034  1619      687.0000      567.7992  1284575   17.35%
   1280  1179      669.1662   961      687.0000      567.7992  1334536   17.35%
   1295  1186      672.3205   915      687.0000      567.7992  1335632   17.35%
   1361  1197      580.6422  1816      687.0000      567.7992  1393965   17.35%
Elapsed time = 254.36 sec. (137062.91 ticks, tree = 144.16 MB, solutions = 9)
   1398  1291      613.2867  1450      687.0000      567.7992  1443642   17.35%
   1440  1339      629.8169  1337      687.0000      567.7992  1483508   17.35%
   1500  1381      650.3499  1078      687.0000      567.7992  1491487   17.35%

GUB cover cuts applied:  192
Clique cuts applied:  234
Cover cuts applied:  84
Implied bound cuts applied:  977
Flow cuts applied:  695
Mixed integer rounding cuts applied:  5105
Flow path cuts applied:  2
Zero-half cuts applied:  23
Lift and project cuts applied:  41
Gomory fractional cuts applied:  13

Root node processing (before b&c):
  Real time             =   58.33 sec. (31547.26 ticks)
Parallel b&c, 6 threads:
  Real time             =  301.72 sec. (162016.11 ticks)
  Sync time (average)   =   19.37 sec.
  Wait time (average)   =    0.00 sec.
                          ------------
Total (root+branch&cut) =  360.05 sec. (193563.37 ticks)

Status of the found solution: Feasible

