Executing exact solver
CPXPARAM_Threads                                 6
CPXPARAM_TimeLimit                               360
Tried aggregator 2 times.
MIP Presolve eliminated 8134 rows and 5849 columns.
MIP Presolve modified 16880 coefficients.
Aggregator did 34956 substitutions.
Reduced MIP has 72848 rows, 55835 columns, and 192262 nonzeros.
Reduced MIP has 18883 binaries, 800 generals, 0 SOSs, and 0 indicators.
Presolve time = 0.34 sec. (1371.26 ticks)
Found incumbent of value 1000.000000 after 0.47 sec. (1471.83 ticks)
Probing fixed 705 vars, tightened 0 bounds.
Probing time = 0.11 sec. (15.95 ticks)
Tried aggregator 1 time.
MIP Presolve eliminated 16887 rows and 705 columns.
Reduced MIP has 55961 rows, 55130 columns, and 144591 nonzeros.
Reduced MIP has 18178 binaries, 800 generals, 0 SOSs, and 0 indicators.
Presolve time = 0.19 sec. (278.39 ticks)
Probing time = 0.06 sec. (10.38 ticks)
Clique table members: 23906.
MIP emphasis: balance optimality and feasibility.
MIP search method: dynamic search.
Parallel mode: deterministic, using up to 6 threads.
Root relaxation solution time = 11.38 sec. (11106.85 ticks)

        Nodes                                         Cuts/
   Node  Left     Objective  IInf  Best Integer    Best Bound    ItCnt     Gap

*     0+    0                         1000.0000      898.0000            10.20%
*     0+    0                          998.0000      898.0000            10.02%
      0     0      917.6706  1540      998.0000      917.6706    22190    8.05%
      0     0      960.2747  2310      998.0000    Cuts: 9998    55882    3.78%
      0     0      960.5559  3250      998.0000    Cuts: 2893    67618    3.75%
      0     0      960.9041  3178      998.0000    Cuts: 1007    80882    3.72%
      0     0      961.0131  3232      998.0000     Cuts: 942    84301    3.71%
      0     0      961.0285  3275      998.0000     Cuts: 585    86243    3.70%
      0     0      961.0416  3284      998.0000     Cuts: 562    88275    3.70%
*     0+    0                          985.0000      961.0416             2.43%
Heuristic still looking.
      0     2      961.0416  3284      985.0000      961.0416    88275    2.43%
Elapsed time = 133.91 sec. (123529.11 ticks, tree = 0.02 MB, solutions = 3)
      1     3      961.1635  3161      985.0000      961.0426    92399    2.43%
      2     3      961.1750  3137      985.0000      961.0426    92442    2.43%
      3     4      961.5338  3025      985.0000      961.0426    97450    2.43%
      4     4      961.2019  3036      985.0000      961.0426    97164    2.43%
      7     7      961.7971  3137      985.0000      961.1792   115101    2.42%
      8     8      961.7945  3193      985.0000      961.1792   127215    2.42%
      9     7      961.4806  2491      985.0000      961.1792   115217    2.42%
     11    10      961.8175  3133      985.0000      961.2100   134770    2.42%
     12     6      961.8702  2904      985.0000      961.2100   114518    2.42%
     14    11      962.0445  3161      985.0000      961.2100   156040    2.42%
Elapsed time = 192.17 sec. (139498.25 ticks, tree = 0.06 MB, solutions = 3)
     15    14      961.9097  3182      985.0000      961.2645   183777    2.41%
     16    15      962.3062  3138      985.0000      961.2645   197484    2.41%
     17    17      962.1960  3179      985.0000      961.2645   211056    2.41%
     18    13      962.3792  3289      985.0000      961.2645   188003    2.41%
     19    18      965.7915  2700      985.0000      961.2645   239762    2.41%
     21    22      966.0355  2606      985.0000      961.2645   273242    2.41%
     24    24      964.5160  2893      985.0000      961.2645   315488    2.41%
     25    25      964.5396  2848      985.0000      961.2645   317934    2.41%
     26    23      966.3801  2526      985.0000      961.2645   282799    2.41%
     28    27      967.2455  2634      985.0000      961.2645   350164    2.41%
Elapsed time = 267.89 sec. (158360.56 ticks, tree = 0.18 MB, solutions = 3)
     33    28      964.5975  2725      985.0000      961.2645   380015    2.41%
     37    29      964.9938  2610      985.0000      961.2645   384720    2.41%
     39    30      966.4236  1905      985.0000      961.2645   404135    2.41%
     43    31      966.7371  1826      985.0000      961.2645   406687    2.41%
     45    33      968.0796  2593      985.0000      961.2645   426526    2.41%
     49    38      972.7648  2066      985.0000      961.2645   496439    2.41%
     51    41      968.2767  2551      985.0000      961.2645   525629    2.41%
     52    37      968.3748  2240      985.0000      961.2645   483629    2.41%
     54    42      968.6451  2588      985.0000      961.2645   531363    2.41%
     58    43      969.8538  2293      985.0000      961.2645   556612    2.41%
Elapsed time = 351.20 sec. (175986.81 ticks, tree = 0.42 MB, solutions = 3)
     59    50      973.1941  2022      985.0000      961.2645   582879    2.41%
     60    59      970.1439  2254      985.0000      961.2645   661359    2.41%
     61    54      966.7824  2450      985.0000      961.2645   609425    2.41%
     63    60      970.5235  1908      985.0000      961.2645   664526    2.41%

Clique cuts applied:  2354
Implied bound cuts applied:  5591
Flow cuts applied:  51
Mixed integer rounding cuts applied:  94
Flow path cuts applied:  4
Zero-half cuts applied:  40
Gomory fractional cuts applied:  2

Root node processing (before b&c):
  Real time             =  133.73 sec. (123469.74 ticks)
Parallel b&c, 6 threads:
  Real time             =  226.38 sec. (58956.92 ticks)
  Sync time (average)   =   19.17 sec.
  Wait time (average)   =    0.00 sec.
                          ------------
Total (root+branch&cut) =  360.11 sec. (182426.67 ticks)

Status of the found solution: Feasible

15