Executing exact solver
CPXPARAM_Threads                                 6
CPXPARAM_TimeLimit                               360
Tried aggregator 2 times.
MIP Presolve eliminated 819 rows and 676 columns.
MIP Presolve modified 1835 coefficients.
Aggregator did 3643 substitutions.
Reduced MIP has 7106 rows, 6957 columns, and 18821 nonzeros.
Reduced MIP has 2668 binaries, 769 generals, 0 SOSs, and 0 indicators.
Presolve time = 0.03 sec. (100.47 ticks)
Found incumbent of value 966.000000 after 0.05 sec. (111.10 ticks)
Probing fixed 40 vars, tightened 0 bounds.
Probing time = 0.00 sec. (1.37 ticks)
Tried aggregator 1 time.
MIP Presolve eliminated 774 rows and 409 columns.
Reduced MIP has 6332 rows, 6548 columns, and 16811 nonzeros.
Reduced MIP has 2489 binaries, 723 generals, 0 SOSs, and 0 indicators.
Presolve time = 0.03 sec. (41.27 ticks)
Probing time = 0.00 sec. (0.88 ticks)
Clique table members: 1243.
MIP emphasis: balance optimality and feasibility.
MIP search method: dynamic search.
Parallel mode: deterministic, using up to 6 threads.
Root relaxation solution time = 0.03 sec. (39.20 ticks)

        Nodes                                         Cuts/
   Node  Left     Objective  IInf  Best Integer    Best Bound    ItCnt     Gap

*     0+    0                          472.0000       98.0000            79.24%
      0     0      133.6967   254      472.0000      133.6967     2227   71.67%
      0     0      175.4514   113      472.0000    Cuts: 1059     2720   62.83%
*     0+    0                          200.0000      175.4514            12.27%
      0     0      177.1003    99      200.0000     Cuts: 136     2828   11.45%
*     0+    0                          195.0000      177.1003             9.18%
      0     0      178.8887   124      195.0000      Cuts: 43     2922    8.26%
      0     0      179.5214   148      195.0000      Cuts: 36     2960    7.94%
      0     0      179.9408   162      195.0000      Cuts: 38     2994    7.72%
*     0+    0                          188.0000      179.9408             4.29%

Repeating presolve.
Tried aggregator 1 time.
MIP Presolve eliminated 3906 rows and 4084 columns.
Reduced MIP has 2426 rows, 2464 columns, and 6420 nonzeros.
Reduced MIP has 943 binaries, 243 generals, 0 SOSs, and 0 indicators.
Presolve time = 0.02 sec. (17.38 ticks)
Probing time = 0.00 sec. (1.04 ticks)
Tried aggregator 1 time.
MIP Presolve eliminated 403 rows and 409 columns.
Reduced MIP has 2023 rows, 2055 columns, and 5358 nonzeros.
Reduced MIP has 783 binaries, 206 generals, 0 SOSs, and 0 indicators.
Presolve time = 0.00 sec. (4.21 ticks)
Probing time = 0.00 sec. (0.82 ticks)
Tried aggregator 1 time.
Reduced MIP has 2023 rows, 2055 columns, and 5358 nonzeros.
Reduced MIP has 783 binaries, 206 generals, 0 SOSs, and 0 indicators.
Presolve time = 0.00 sec. (5.08 ticks)
Represolve time = 0.06 sec. (59.33 ticks)
Probing time = 0.02 sec. (0.82 ticks)
Clique table members: 596.
MIP emphasis: balance optimality and feasibility.
MIP search method: dynamic search.
Parallel mode: deterministic, using up to 6 threads.
Root relaxation solution time = 0.00 sec. (12.28 ticks)

        Nodes                                         Cuts/
   Node  Left     Objective  IInf  Best Integer    Best Bound    ItCnt     Gap

*     0+    0                          188.0000      180.1396             4.18%
      0     0      183.1184    90      188.0000      183.1184     3760    2.60%
      0     0      184.3523    39      188.0000      Cuts: 66     3829    1.94%
      0     0      184.6265    51      188.0000      Cuts: 26     3859    1.79%
*     0+    0                          187.0000      184.6265             1.27%
      0     0      185.0324    71      187.0000      Cuts: 13     3874    1.05%
      0     0      185.0930    73      187.0000      Cuts: 20     3889    1.02%
*     0+    0                          186.0000      185.0930             0.49%
      0     0        cutoff            186.0000                   3889    0.00%
Elapsed time = 0.80 sec. (747.47 ticks, tree = 0.01 MB, solutions = 7)

Clique cuts applied:  132
Implied bound cuts applied:  172
Flow cuts applied:  5
Mixed integer rounding cuts applied:  9
Flow path cuts applied:  1
Zero-half cuts applied:  2
Lift and project cuts applied:  8
Gomory fractional cuts applied:  28

Root node processing (before b&c):
  Real time             =    0.80 sec. (747.92 ticks)
Parallel b&c, 6 threads:
  Real time             =    0.00 sec. (0.00 ticks)
  Sync time (average)   =    0.00 sec.
  Wait time (average)   =    0.00 sec.
                          ------------
Total (root+branch&cut) =    0.80 sec. (747.92 ticks)

Status of the found solution: Optimal

814