Executing exact solver
CPXPARAM_Threads                                 6
CPXPARAM_TimeLimit                               360
Tried aggregator 2 times.
MIP Presolve eliminated 7973 rows and 5772 columns.
MIP Presolve modified 16572 coefficients.
Aggregator did 34402 substitutions.
Reduced MIP has 71817 rows, 55096 columns, and 189390 nonzeros.
Reduced MIP has 18636 binaries, 800 generals, 0 SOSs, and 0 indicators.
Presolve time = 0.34 sec. (1343.04 ticks)
Found incumbent of value 1000.000000 after 0.47 sec. (1442.21 ticks)
Probing fixed 633 vars, tightened 0 bounds.
Probing time = 0.17 sec. (23.50 ticks)
Tried aggregator 1 time.
MIP Presolve eliminated 16256 rows and 633 columns.
Reduced MIP has 55561 rows, 54463 columns, and 143616 nonzeros.
Reduced MIP has 18003 binaries, 800 generals, 0 SOSs, and 0 indicators.
Presolve time = 0.20 sec. (333.48 ticks)
Probing time = 0.08 sec. (12.78 ticks)
Clique table members: 43434.
MIP emphasis: balance optimality and feasibility.
MIP search method: dynamic search.
Parallel mode: deterministic, using up to 6 threads.
Root relaxation solution time = 5.16 sec. (6525.90 ticks)

        Nodes                                         Cuts/
   Node  Left     Objective  IInf  Best Integer    Best Bound    ItCnt     Gap

*     0+    0                         1000.0000      827.0000            17.30%
*     0+    0                          997.0000      827.0000            17.05%
      0     0      854.1026   783      997.0000      854.1026    14239   14.33%
      0     0      911.9234  3135      997.0000    Cuts: 9998    67630    8.53%
      0     0      922.1367  3362      997.0000    Cuts: 8242    99321    7.51%
*     0+    0                          984.0000      922.1367             6.29%
      0     0      922.5684  3499      984.0000    Cuts: 2544   108954    6.24%
      0     0      922.6875  3577      984.0000    Cuts: 1843   112755    6.23%
      0     0      922.7576  3590      984.0000    Cuts: 1218   115904    6.22%
*     0+    0                          983.0000      922.7576             6.13%
      0     0      922.8307  3667      983.0000    Cuts: 1027   120532    6.12%
      0     0      922.8497  3602      983.0000     Cuts: 605   124515    6.12%
      0     0      922.8763  3566      983.0000    Cuts: 1539   126149    6.12%
*     0+    0                          964.0000      922.8763             4.27%
      0     0      922.8857  3616      964.0000     Cuts: 959   129937    4.26%
*     0+    0                          957.0000      922.8857             3.56%
*     0+    0                          954.0000      922.8857             3.26%
      0     0      922.8951  3619      954.0000    Cuts: 1276   131219    3.26%
Heuristic still looking.
*     0+    0                          952.0000      922.8951             3.06%
*     0+    0                          941.0000      922.8951             1.92%
      0     2      922.8951  3619      941.0000      922.8951   131219    1.92%
Elapsed time = 190.72 sec. (176213.83 ticks, tree = 0.02 MB, solutions = 9)
      1     3      922.9324  3437      941.0000      922.8967   135410    1.92%
      2     4      923.5129  3390      941.0000      922.8967   152664    1.92%
      3     5      923.5861  3245      941.0000      922.8967   157592    1.92%
      4     6      923.6192  3227      941.0000      922.8967   160981    1.92%
      5     4      923.1585  3232      941.0000      922.8967   150397    1.92%
      6     7      923.6318  3151      941.0000      922.8967   164188    1.92%
      7     9      923.9869  3285      941.0000      922.8967   189995    1.92%
      8     3      923.4838  3285      941.0000      922.8967   150080    1.92%
      9    10      924.3982  3102      941.0000      922.8967   204543    1.92%
     10     8      924.0059  3157      941.0000      922.8967   213639    1.92%
Elapsed time = 240.22 sec. (192314.21 ticks, tree = 0.04 MB, solutions = 9)
     12     6      930.5226  2087      941.0000      923.1593   187845    1.90%
     15    13      924.4068  3038      941.0000      923.1593   287031    1.90%
     16    15      925.9185  2868      941.0000      923.1593   308899    1.90%
     17    17      924.9701  3132      941.0000      923.1593   370718    1.90%
     19    15      934.9884  2693      941.0000      923.1593   337486    1.90%
     21    11      924.4807  3238      941.0000      923.1593   263907    1.90%
     24    21      935.4388  2732      941.0000      923.1593   468318    1.90%
     25    26      926.8870  3645      941.0000      923.1593   611695    1.90%
     26    20      929.1522  3302      941.0000      923.1593   484513    1.90%
     27    24      925.0300  3442      941.0000      923.1593   556889    1.90%
Elapsed time = 329.61 sec. (216607.03 ticks, tree = 0.14 MB, solutions = 9)

Clique cuts applied:  3268
Implied bound cuts applied:  7554
Flow cuts applied:  55
Mixed integer rounding cuts applied:  351
Flow path cuts applied:  1
Zero-half cuts applied:  25

Root node processing (before b&c):
  Real time             =  190.53 sec. (176132.96 ticks)
Parallel b&c, 6 threads:
  Real time             =  169.59 sec. (49853.21 ticks)
  Sync time (average)   =   11.54 sec.
  Wait time (average)   =    0.00 sec.
                          ------------
Total (root+branch&cut) =  360.13 sec. (225986.16 ticks)

Status of the found solution: Feasible

59