Executing exact solver
CPXPARAM_Threads                                 6
CPXPARAM_TimeLimit                               360
Tried aggregator 2 times.
MIP Presolve eliminated 2684 rows and 1977 columns.
MIP Presolve modified 3179 coefficients.
Aggregator did 6499 substitutions.
Reduced MIP has 13439 rows, 11460 columns, and 34825 nonzeros.
Reduced MIP has 4129 binaries, 699 generals, 0 SOSs, and 0 indicators.
Presolve time = 0.06 sec. (81.86 ticks)
Found incumbent of value 999.000000 after 0.09 sec. (100.91 ticks)
Probing fixed 185 vars, tightened 0 bounds.
Probing time = 0.02 sec. (4.29 ticks)
Tried aggregator 1 time.
MIP Presolve eliminated 2158 rows and 580 columns.
Reduced MIP has 11281 rows, 10880 columns, and 29182 nonzeros.
Reduced MIP has 3823 binaries, 665 generals, 0 SOSs, and 0 indicators.
Presolve time = 0.03 sec. (28.04 ticks)
Probing time = 0.00 sec. (2.75 ticks)
Clique table members: 7979.
MIP emphasis: balance optimality and feasibility.
MIP search method: dynamic search.
Parallel mode: deterministic, using up to 6 threads.
Root relaxation solution time = 0.25 sec. (385.02 ticks)

        Nodes                                         Cuts/
   Node  Left     Objective  IInf  Best Integer    Best Bound    ItCnt     Gap

*     0+    0                          786.0000      371.0000            52.80%
      0     0      451.1648   905      786.0000      451.1648     5389   42.60%
      0     0      556.8855  1088      786.0000    Cuts: 2920     8726   29.15%
      0     0      592.1130   946      786.0000    Cuts: 2015    10821   24.67%
      0     0      597.4906   990      786.0000     Cuts: 469    11830   23.98%
      0     0      598.7940  1017      786.0000     Cuts: 329    12399   23.82%
      0     0      599.8304   932      786.0000     Cuts: 190    12809   23.69%
      0     0      600.8614   929      786.0000      Cuts: 93    12984   23.55%
      0     0      601.4085   922      786.0000      Cuts: 43    13086   23.48%
      0     0      601.4744   862      786.0000      Cuts: 29    13187   23.48%
      0     0      601.5072   930      786.0000      Cuts: 23    13311   23.47%
      0     0      601.5108   770      786.0000       Cuts: 8    13334   23.47%
      0     0      601.6456   813      786.0000     Cuts: 255    13594   23.45%
      0     0      601.6456   816      786.0000      Cuts: 56    13629   23.45%
*     0+    0                          775.0000      601.6456            22.37%
*     0+    0                          771.0000      601.6456            21.97%
*     0+    0                          766.0000      601.6456            21.46%
      0     2      601.6456   816      766.0000      601.6456    13629   21.46%
Elapsed time = 5.31 sec. (3929.69 ticks, tree = 0.02 MB, solutions = 5)
*     3+    1                          762.0000      601.6522            21.04%
*     4+    1                          761.0000      601.6522            20.94%
*     8+    2                          759.0000      603.4430            20.49%
     15    12      605.1486   787      759.0000      603.4430    18026   20.49%
*    17+    5                          758.0000      603.6170            20.37%
*    18+    5                          757.0000      603.6170            20.26%
     94    81      611.3561   665      757.0000      603.8202    33993   20.24%
    202   198      613.0246   473      757.0000      603.8202    47765   20.24%
    286   243      624.0920   474      757.0000      603.8202    53174   20.24%
    379   346      623.9412   473      757.0000      603.8202    60685   20.24%
    463   411      620.9064   413      757.0000      603.8202    65083   20.24%
    592   507      637.7080   351      757.0000      603.8202    70623   20.24%
    716   616      624.4564   426      757.0000      603.8202    78205   20.24%
    883   764      650.5497   273      757.0000      603.8202    83644   20.24%
*  1419+ 1207                          719.0000      603.8202            16.02%
   1504  1320      677.7850   153      719.0000      603.8202   105802   16.02%
Elapsed time = 9.95 sec. (7049.25 ticks, tree = 6.31 MB, solutions = 15)
*  1505+  945                          700.0000      635.4733             9.22%
*  1505+  629                          699.0000      637.4363             8.81%
*  1505+  418                          696.0000      646.6432             7.09%
*  1505+  278                          695.0000      646.6432             6.96%
   1505   279      646.6432  1369      695.0000      646.6432   185240    6.96%
   1507   280      647.0443  1292      695.0000      646.8336   188775    6.93%
   1509   168      647.0045  1294      695.0000      646.8336   187203    6.93%
*  1511+  111                          693.0000      646.8336             6.66%
   1512   115      648.4825  1259      693.0000      647.0509   199388    6.63%
   1515   105      649.3447  1326      693.0000      647.0509   202123    6.63%
*  1522+   29                          693.0000      647.0509             6.63%
*  1522+   21                          691.0000      647.0509             6.36%
   1522    22      649.4027  1185      691.0000      647.0509   199168    6.36%
   1528    28      650.5783  1331      691.0000      647.3335   235072    6.32%
   1534    23      652.2644  1317      691.0000      647.3335   240534    6.32%
   1543    34      650.6748  1391      691.0000      647.3745   303279    6.31%
   1550    39      652.8094  1374      691.0000      647.3745   327545    6.31%
Elapsed time = 109.58 sec. (62623.82 ticks, tree = 0.08 MB, solutions = 22)
   1562    50      651.1962  1277      691.0000      647.3745   355372    6.31%
   1574    61      651.7825  1238      691.0000      647.3745   373326    6.31%
   1588    67      653.2431  1203      691.0000      647.3745   391662    6.31%
   1602    72      654.2921  1132      691.0000      647.3745   387555    6.31%
   1614    85      653.9179   878      691.0000      647.3745   416150    6.31%
   1632    86      653.7653  1120      691.0000      647.3745   417317    6.31%
   1657   116      654.7895  1100      691.0000      647.3745   454456    6.31%
   1679   147      654.2002  1230      691.0000      647.3745   502708    6.31%
   1701   145      654.2152  1260      691.0000      647.3745   495416    6.31%
   1726   168      662.1777  1129      691.0000      647.3745   525266    6.31%
Elapsed time = 128.47 sec. (72612.92 ticks, tree = 0.44 MB, solutions = 22)
   1748   190      653.4034  1247      691.0000      647.3745   556524    6.31%
   1773   209      662.9097  1145      691.0000      647.3745   583661    6.31%
   1796   274      656.9388  1119      691.0000      647.3745   639668    6.31%
   1828   240      656.2615  1217      691.0000      647.3745   606935    6.31%
   1870   281      657.3420   922      691.0000      647.3745   640631    6.31%
   1913   329      665.5414   803      691.0000      647.3745   688451    6.31%
   1944   378      660.2896   832      691.0000      647.3745   726048    6.31%
   1967   381      660.3099   900      691.0000      647.3745   727306    6.31%
   1998   425      667.6975   766      691.0000      647.3745   768660    6.31%
   2036   434      668.4620   708      691.0000      647.3745   772114    6.31%
Elapsed time = 146.75 sec. (82412.20 ticks, tree = 1.63 MB, solutions = 22)
   2067   496      661.0913   979      691.0000      647.3745   824696    6.31%
   2129   543      666.1194   701      691.0000      647.3745   846287    6.31%
   2208   563      666.3054   904      691.0000      647.3745   865159    6.31%
   2273   598      677.6187   922      691.0000      647.3745   876715    6.31%
   2339   677      679.4334   314      691.0000      647.3745   915882    6.31%
   2445   609      662.6214   992      691.0000      647.3745   896264    6.31%
   2547   638      667.3122   721      691.0000      647.3745   914548    6.31%
   2601   854      668.0229   704      691.0000      647.3745  1004541    6.31%
   2689   846      672.1967   913      691.0000      647.3745   993935    6.31%
   2773  1064      676.8889   816      691.0000      647.7194  1092168    6.26%
Elapsed time = 164.83 sec. (92178.03 ticks, tree = 4.85 MB, solutions = 22)
   2813  1079      679.5844   799      691.0000      647.8743  1097539    6.24%
   2880  1200      652.5257  1412      691.0000      647.8743  1170693    6.24%
   2896  1203      653.6098  1276      691.0000      647.8743  1177376    6.24%
   2911  1206      655.4784  1367      691.0000      647.8743  1182772    6.24%
   2925  1275      654.3521  1207      691.0000      647.8743  1248821    6.24%
   2951  1281      654.8539  1203      691.0000      648.9936  1252895    6.08%
   2974  1351      657.2920  1248      691.0000      648.9936  1350203    6.08%
   2998  1367      663.1240  1048      691.0000      648.9936  1363448    6.08%
   3023  1376      653.5567  1186      691.0000      648.9936  1386058    6.08%
   3060  1387      664.4454  1150      691.0000      648.9936  1373810    6.08%
Elapsed time = 183.44 sec. (101984.03 ticks, tree = 6.53 MB, solutions = 22)
   3105  1441      657.8466  1188      691.0000      648.9936  1451669    6.08%
   3160  1449      668.8171  1006      691.0000      648.9936  1445255    6.08%
   3245  1524      673.7090   738      691.0000      648.9936  1479957    6.08%
   3346  1564      683.3625   520      691.0000      648.9936  1485510    6.08%
   3472  1657      679.3999   660      691.0000      648.9936  1572210    6.08%
   3588  1618      668.3753  1010      691.0000      648.9936  1562636    6.08%
   3609  1658      656.7997  1242      691.0000      648.9936  1597264    6.08%
   3635  1667      668.7572   833      691.0000      649.0921  1588426    6.06%
   3660  1872      653.6297  1293      691.0000      649.0921  1655693    6.06%
   3712  1931      653.7273  1341      691.0000      649.0921  1690954    6.06%
Elapsed time = 201.44 sec. (111695.15 ticks, tree = 9.23 MB, solutions = 22)
   3791  2012      658.0351  1258      691.0000      649.0921  1717834    6.06%
   3848  2085      664.2750   896      691.0000      649.0921  1753316    6.06%
   3891  2111      668.9985   751      691.0000      649.0921  1759290    6.06%
   3934  2117      663.0290  1286      691.0000      649.3451  1790699    6.03%
   4005  2142      654.7965  1358      691.0000      649.3451  1812784    6.03%
   4097  2288      669.1341  1025      691.0000      649.3451  1869157    6.03%
   4142  2311      680.4450   751      691.0000      649.3451  1875329    6.03%
   4188  2305      659.8334  1395      691.0000      649.3451  1916509    6.03%
   4198  2338      651.1035  1434      691.0000      649.4466  1929070    6.01%
   4210  2505      658.6964  1264      691.0000      649.6739  2031674    5.98%
Elapsed time = 221.23 sec. (121515.05 ticks, tree = 12.24 MB, solutions = 22)
   4223  2464      654.6240  1408      691.0000      649.6739  1992491    5.98%
   4249  2520      663.9577  1159      691.0000      649.6739  2040149    5.98%
   4282  2518      658.7184  1353      691.0000      650.0181  2063726    5.93%
   4304  2544      658.9533  1379      691.0000      650.0181  2119476    5.93%
   4337  2595      676.5653   883      691.0000      650.0181  2129630    5.93%
   4363  2650      679.9388   640      691.0000      650.0181  2212309    5.93%
   4411  2657      659.2187  1239      691.0000      650.0181  2237655    5.93%
   4436  2701      664.5435  1285      691.0000      650.0181  2274818    5.93%
   4467  2686      665.1515  1156      691.0000      650.1282  2255074    5.91%
   4511  2694      667.6313  1154      691.0000      650.1282  2260034    5.91%
Elapsed time = 240.44 sec. (131423.57 ticks, tree = 13.14 MB, solutions = 22)
   4570  2827      675.3506  1057      691.0000      650.1282  2348609    5.91%
   4677  2813      681.2948   758      691.0000      650.1282  2330949    5.91%
   4763  2875      676.1083   972      691.0000      650.1282  2376373    5.91%
   4804  2852      657.8406  1374      691.0000      650.1282  2402172    5.91%
   4818  2995      659.6951  1296      691.0000      650.1302  2462532    5.91%
   4838  2982      653.3250  1397      691.0000      650.2992  2449487    5.89%
   4863  2936      653.7426  1446      691.0000      650.2992  2439851    5.89%
   4880  3168      670.8160  1158      691.0000      650.3590  2603004    5.88%
   4926  3182      657.5969  1366      691.0000      650.3590  2637256    5.88%
   5101  3219      667.5939  1124      691.0000      650.4359  2692917    5.87%
Elapsed time = 265.58 sec. (144114.69 ticks, tree = 15.74 MB, solutions = 22)
   5331  3393      687.2316   908      691.0000      650.4359  2836496    5.87%
   5401  3512      658.6293  1368      691.0000      650.4359  2967253    5.87%
   5496  3682      661.2210  1272      691.0000      650.4359  3129111    5.87%
   5689  3845      683.4314   925      691.0000      650.4359  3352890    5.87%
   5947  4021      656.6427  1378      691.0000      650.5273  3510459    5.86%
   6146  4241      682.8672   966      691.0000      650.5273  3639020    5.86%
   6270  4405      683.3175  1014      691.0000      650.5532  3751012    5.85%
   6407  4497      655.7786  1341      691.0000      650.5707  3877508    5.85%
   6540  4608      659.4276  1420      691.0000      650.6007  3990328    5.85%
   6728  4797      679.2748  1022      691.0000      650.7171  4166675    5.83%
Elapsed time = 341.86 sec. (182474.35 ticks, tree = 24.62 MB, solutions = 22)
   6945  4973      678.1357  1065      691.0000      650.7623  4358102    5.82%
   7056  5054      666.3578  1237      691.0000      650.8228  4442156    5.81%

GUB cover cuts applied:  217
Clique cuts applied:  341
Cover cuts applied:  128
Implied bound cuts applied:  1039
Flow cuts applied:  1531
Mixed integer rounding cuts applied:  2900
Flow path cuts applied:  2
Zero-half cuts applied:  85
Lift and project cuts applied:  50
Gomory fractional cuts applied:  27

Root node processing (before b&c):
  Real time             =    5.28 sec. (3912.71 ticks)
Parallel b&c, 6 threads:
  Real time             =  354.77 sec. (187986.68 ticks)
  Sync time (average)   =   24.71 sec.
  Wait time (average)   =    0.01 sec.
                          ------------
Total (root+branch&cut) =  360.05 sec. (191899.39 ticks)

Status of the found solution: Feasible

309