Executing exact solver
CPXPARAM_Threads                                 6
CPXPARAM_TimeLimit                               360
Tried aggregator 2 times.
MIP Presolve eliminated 10075 rows and 6890 columns.
MIP Presolve modified 10216 coefficients.
Aggregator did 21584 substitutions.
Reduced MIP has 45941 rows, 35518 columns, and 118602 nonzeros.
Reduced MIP has 12082 binaries, 700 generals, 0 SOSs, and 0 indicators.
Presolve time = 0.23 sec. (622.29 ticks)
Found incumbent of value 1000.000000 after 0.31 sec. (685.58 ticks)
Probing fixed 592 vars, tightened 0 bounds.
Probing time = 0.13 sec. (17.72 ticks)
Tried aggregator 1 time.
MIP Presolve eliminated 10834 rows and 592 columns.
Reduced MIP has 35107 rows, 34926 columns, and 88932 nonzeros.
Reduced MIP has 11490 binaries, 700 generals, 0 SOSs, and 0 indicators.
Presolve time = 0.11 sec. (214.87 ticks)
Probing time = 0.05 sec. (8.57 ticks)
Clique table members: 35944.
MIP emphasis: balance optimality and feasibility.
MIP search method: dynamic search.
Parallel mode: deterministic, using up to 6 threads.
Root relaxation solution time = 1.77 sec. (2756.67 ticks)

        Nodes                                         Cuts/
   Node  Left     Objective  IInf  Best Integer    Best Bound    ItCnt     Gap

*     0+    0                         1000.0000      878.0000            12.20%
*     0+    0                          988.0000      878.0000            11.13%
      0     0      897.5059   717      988.0000      897.5059     9819    9.16%
*     0+    0                          973.0000      897.5059             7.76%
      0     0      938.4000  2001      973.0000    Cuts: 8876    23934    3.56%
      0     0      945.3860  2330      973.0000    Cuts: 4732    36343    2.84%
      0     0      946.0715  2338      973.0000    Cuts: 2157    40851    2.77%
      0     0      946.3933  2488      973.0000    Cuts: 1352    45589    2.73%
      0     0      946.7751  2417      973.0000     Cuts: 825    50124    2.70%
      0     0      946.8066  2507      973.0000     Cuts: 897    51932    2.69%
      0     0      946.8141  1997      973.0000     Cuts: 210    53576    2.69%
      0     0      946.8158  2080      973.0000    Cuts: 1608    54841    2.69%
Heuristic still looking.
*     0+    0                          970.0000      946.8158             2.39%
      0     2      946.8158  2080      970.0000      946.8158    54841    2.39%
Elapsed time = 105.58 sec. (52990.71 ticks, tree = 0.02 MB, solutions = 4)
      1     3      946.9690  1864      970.0000      946.8249    58428    2.39%
      2     4      947.1928  1723      970.0000      946.8249    63571    2.39%
      3     3      947.2413  1782      970.0000      946.8249    59438    2.39%
      6     6      948.0740  1880      970.0000      946.9690    78514    2.37%
      8     5      947.8133  1702      970.0000      946.9690    70126    2.37%
     11     6      947.5754  1911      970.0000      947.0693    76811    2.36%
     13    12      948.7364  1792      970.0000      947.0693   110342    2.36%
     17    14      948.0268  1876      970.0000      947.0693   133995    2.36%
     21    18      948.2077  1833      970.0000      947.0693   159176    2.36%
     29    24      949.3616  1581      970.0000      947.0693   187418    2.36%
Elapsed time = 118.61 sec. (58297.31 ticks, tree = 0.15 MB, solutions = 4)
     39    27      950.2106  1814      970.0000      947.0693   219372    2.36%
     59    46      955.2373  1019      970.0000      947.0693   305960    2.36%
     83    73      961.1682   442      970.0000      947.0693   375375    2.36%
    117    76      957.2271   759      970.0000      947.0693   388969    2.36%
    152   107      962.7271   389      970.0000      947.0693   459881    2.36%
    213   130      952.2031  1193      970.0000      947.0693   507157    2.36%
    229   176      965.1160   476      970.0000      947.0693   569585    2.36%
    250   197      961.4409   846      970.0000      947.0693   626261    2.36%
    277   205      958.3236   686      970.0000      947.0693   639151    2.36%
    303   242      967.2086   223      970.0000      947.7791   696634    2.29%
Elapsed time = 146.00 sec. (68296.63 ticks, tree = 2.34 MB, solutions = 4)
    319   250      955.8504  1620      970.0000      948.0817   760097    2.26%
    336   244      948.8019  2002      970.0000      948.0817   710602    2.26%
    354   274      955.2248  1285      970.0000      948.0972   844400    2.26%
    384   277      957.8938  1215      970.0000      948.0972   854652    2.26%
    436   357      967.3109   491      970.0000      948.0972   999477    2.26%
    475   337      967.0044   252      970.0000      948.0972   968783    2.26%
    494   370      962.2311   536      970.0000      948.0972  1037403    2.26%
    514   346      950.4977  1635      970.0000      948.0972   983032    2.26%
    526   402      950.7625  1712      970.0000      948.0972  1105826    2.26%
    537   381      951.4614  1742      970.0000      948.0985  1059987    2.26%
Elapsed time = 172.94 sec. (78256.71 ticks, tree = 4.32 MB, solutions = 4)
    555   424      953.1143  1730      970.0000      948.4979  1166634    2.22%
    568   457      953.3868  1910      970.0000      948.4979  1254756    2.22%
    582   455      952.4302  1872      970.0000      948.4979  1244095    2.22%
    590   484      953.0250  1931      970.0000      948.4979  1356112    2.22%
    596   483      957.7709  1307      970.0000      948.4979  1346993    2.22%
    600   466      954.8984  1359      970.0000      948.4979  1286581    2.22%
    606   488      956.0125  1673      970.0000      948.4979  1366163    2.22%
    620   492      957.2416  1600      970.0000      948.4979  1376465    2.22%
    642   516      966.2236   820      970.0000      948.4979  1397713    2.22%
    665   518      958.4010  1432      970.0000      948.4979  1444370    2.22%
Elapsed time = 196.52 sec. (88636.65 ticks, tree = 6.18 MB, solutions = 4)
    688   525      960.1768  1341      970.0000      948.4979  1455519    2.22%
    703   572      957.6219  1769      970.0000      948.4979  1554552    2.22%
    733   570      959.2361  1591      970.0000      948.4979  1550625    2.22%
    756   583      961.2512  1342      970.0000      948.4979  1569673    2.22%
    779   598      968.9951   759      970.0000      948.4979  1595427    2.22%
    798   638      960.5422  1239      970.0000      948.4979  1658477    2.22%
    831   658      963.8956  1020      970.0000      948.4979  1715875    2.22%
    855   703      963.6886  1260      970.0000      948.4979  1816326    2.22%
    882   710      954.3981  1900      970.0000      948.4979  1848321    2.22%
    907   701      965.4660   846      970.0000      948.4979  1807459    2.22%
Elapsed time = 226.28 sec. (98716.70 ticks, tree = 8.76 MB, solutions = 4)
    930   716      955.7765  1767      970.0000      948.4979  1867498    2.22%
    946   754      952.4067  1669      970.0000      948.5159  1923149    2.21%
    961   770      958.9621  1524      970.0000      948.5159  1956859    2.21%
    977   842      960.4020  1497      970.0000      948.7855  2141340    2.19%
   1000   821      961.3060  1208      970.0000      948.7855  2047877    2.19%
   1022   830      954.9744  1743      970.0000      948.7855  2127139    2.19%
   1039   833      955.8960  1791      970.0000      948.7855  2134175    2.19%
   1060   874      966.0221  1289      970.0000      948.7855  2202013    2.19%
   1085   911      952.7589  2073      970.0000      948.7855  2313239    2.19%
   1104   912      952.2630  1534      970.0000      948.8159  2305658    2.18%
Elapsed time = 256.23 sec. (108803.42 ticks, tree = 11.98 MB, solutions = 4)
   1120   916      954.1847  1963      970.0000      948.8159  2330016    2.18%
   1143   978      956.5731  1106      970.0000      948.8299  2464344    2.18%
   1171  1000      965.1460   509      970.0000      948.8299  2502964    2.18%
   1207   992      960.9274   961      970.0000      948.8299  2478397    2.18%
   1236  1061      967.9709   337      970.0000      948.8299  2599280    2.18%
   1254  1070      964.7974   954      970.0000      948.8299  2629100    2.18%
   1275  1087      950.1180  2130      970.0000      948.8299  2682944    2.18%
   1284  1100      956.7572  1512      970.0000      948.8299  2718402    2.18%
   1305  1076      959.5641  1649      970.0000      948.8299  2659931    2.18%
   1324  1124      960.2944   812      970.0000      948.8299  2775999    2.18%
Elapsed time = 286.84 sec. (119044.97 ticks, tree = 14.97 MB, solutions = 4)
   1352  1133      964.9921   595      970.0000      948.8299  2781660    2.18%
   1372  1109      956.2990  1620      970.0000      948.8299  2760730    2.18%
   1377  1167      960.2627  1317      970.0000      948.8299  2885891    2.18%
   1391  1174      961.8476   969      970.0000      948.8299  2895059    2.18%
   1408  1196      968.6619   708      970.0000      948.8299  2938893    2.18%
   1427  1227      953.7037  1936      970.0000      948.8299  3016050    2.18%
   1433  1231      954.8241  1846      970.0000      948.8299  3026353    2.18%
   1440  1235      956.1548  1913      970.0000      948.8299  3036679    2.18%

GUB cover cuts applied:  93
Clique cuts applied:  1889
Cover cuts applied:  85
Implied bound cuts applied:  6427
Flow cuts applied:  491
Mixed integer rounding cuts applied:  5773
Flow path cuts applied:  11
Zero-half cuts applied:  30
Lift and project cuts applied:  61
Gomory fractional cuts applied:  3

Root node processing (before b&c):
  Real time             =  105.44 sec. (52933.27 ticks)
Parallel b&c, 6 threads:
  Real time             =  254.66 sec. (99442.42 ticks)
  Sync time (average)   =   19.37 sec.
  Wait time (average)   =    0.00 sec.
                          ------------
Total (root+branch&cut) =  360.09 sec. (152375.69 ticks)

Status of the found solution: Feasible

30