Executing exact solver
CPXPARAM_Threads                                 6
CPXPARAM_TimeLimit                               360
Tried aggregator 2 times.
MIP Presolve eliminated 1514 rows and 1173 columns.
MIP Presolve modified 3538 coefficients.
Aggregator did 7116 substitutions.
Reduced MIP has 14452 rows, 12421 columns, and 38080 nonzeros.
Reduced MIP has 4474 binaries, 799 generals, 0 SOSs, and 0 indicators.
Presolve time = 0.06 sec. (88.19 ticks)
Found incumbent of value 999.000000 after 0.09 sec. (108.77 ticks)
Probing fixed 138 vars, tightened 0 bounds.
Probing time = 0.02 sec. (3.70 ticks)
Tried aggregator 1 time.
MIP Presolve eliminated 1688 rows and 336 columns.
Reduced MIP has 12764 rows, 12085 columns, and 33563 nonzeros.
Reduced MIP has 4275 binaries, 782 generals, 0 SOSs, and 0 indicators.
Presolve time = 0.03 sec. (28.97 ticks)
Probing time = 0.00 sec. (2.40 ticks)
Clique table members: 5352.
MIP emphasis: balance optimality and feasibility.
MIP search method: dynamic search.
Parallel mode: deterministic, using up to 6 threads.
Root relaxation solution time = 0.38 sec. (517.29 ticks)

        Nodes                                         Cuts/
   Node  Left     Objective  IInf  Best Integer    Best Bound    ItCnt     Gap

*     0+    0                          684.0000      237.0000            65.35%
      0     0      318.7961   988      684.0000      318.7961       20   53.39%
*     0+    0                          654.0000      318.7961            51.25%
      0     0      445.2537  1437      654.0000    Cuts: 3291     4883   31.92%
      0     0      452.6682  1364      654.0000     Cuts: 734     6326   30.78%
      0     0      455.2780  1286      654.0000     Cuts: 523     7202   30.39%
*     0+    0                          634.0000      455.2780            28.19%
*     0+    0                          619.0000      455.2780            26.45%
      0     0      456.5172  1434      619.0000     Cuts: 205     7959   26.25%
      0     0      456.8255  1299      619.0000     Cuts: 234     8258   26.20%
      0     0      457.2281  1332      619.0000      Cuts: 67     8507   26.13%
      0     0      457.4311  1340      619.0000      Cuts: 24     8688   26.10%
      0     0      457.5583  1326      619.0000      Cuts: 17     8860   26.08%
      0     0      458.0544  1314      619.0000      Cuts: 25     9135   26.00%
      0     0      458.0544  1313      619.0000       Cuts: 5     9139   26.00%
*     0+    0                          602.0000      458.0544            23.91%
*     0+    0                          594.0000      462.1569            22.20%
*     0+    0                          583.0000      462.1569            20.73%
      0     2      458.0544  1157      583.0000      462.1624     9139   20.73%
Elapsed time = 7.83 sec. (5794.64 ticks, tree = 0.02 MB, solutions = 8)
      3     4      460.4163  1268      583.0000      462.1624    12037   20.73%
*     5+    2                          582.0000      462.1624            20.59%
*    11+    3                          578.0000      462.1624            20.04%
     14    13      464.0894  1193      578.0000      462.1624    20083   20.04%
     30    24      469.7231  1171      578.0000      462.1624    31782   20.04%
     60    53      473.6029   962      578.0000      462.1624    48545   20.04%
    106    85      476.1177   911      578.0000      462.1624    59413   20.04%
    173   148      480.1752   847      578.0000      462.1624    73671   20.04%
    270   223      484.4882   674      578.0000      462.1624    88543   20.04%
    361   318      495.0087   604      578.0000      462.1624   100648   20.04%
    445   407      522.3628   538      578.0000      462.1624   112210   20.04%
    757   599      549.3637   384      578.0000      462.1624   132194   20.04%
Elapsed time = 12.61 sec. (9000.05 ticks, tree = 3.49 MB, solutions = 11)
   1260  1112      488.8743   480      578.0000      462.1624   183635   20.04%
   1501  1387      511.3619  1903      578.0000      511.3619   339468   11.53%
   1504  1390      512.1115  1749      578.0000      511.4961   344949   11.51%
   1506  1390      512.6592  1151      578.0000      511.4961   350823   11.51%
   1509   527      513.6405  1214      578.0000      511.4961   357756   11.51%
   1511   527      515.7987  1675      578.0000      511.4961   365294   11.51%
   1520   533      514.1162  1755      578.0000      511.4961   379398   11.51%
   1526    53      517.2928  1792      578.0000      511.4961   384510   11.51%
   1531    29      514.9456  1779      578.0000      511.4961   395204   11.51%
   1536    33      515.4878  1853      578.0000      511.7605   420529   11.46%
Elapsed time = 208.34 sec. (99464.74 ticks, tree = 0.36 MB, solutions = 11)
   1542    41      518.7675  1799      578.0000      511.8447   442781   11.45%
   1553    38      515.0852  1886      578.0000      512.3073   439538   11.37%
   1572    43      514.0163  1931      578.0000      512.3073   466675   11.37%
   1586    63      513.0761  1891      578.0000      512.3073   517228   11.37%
   1601    87      513.6088  1891      578.0000      512.3073   569379   11.37%
   1609    70      515.6265  1846      578.0000      512.3073   536377   11.37%
   1618   108      521.5234  1787      578.0000      512.3073   631749   11.37%
   1628   118      514.6235  1402      578.0000      512.3073   650230   11.37%
   1638   122      515.6239  1295      578.0000      512.3073   658914   11.37%
   1645   135      515.6320  1338      578.0000      512.3073   715581   11.37%
Elapsed time = 229.84 sec. (109959.38 ticks, tree = 1.36 MB, solutions = 11)
   1652   144      522.7605  1338      578.0000      512.3073   745799   11.37%
   1659   144      516.4226  1313      578.0000      512.3073   737860   11.37%
   1665   153      522.5414  1300      578.0000      512.3073   784125   11.37%
   1670   158      517.2395  1249      578.0000      512.3073   806349   11.37%
   1678   158      515.1150  1813      578.0000      512.3073   806740   11.37%
   1688   162      515.1981  1804      578.0000      512.3073   814101   11.37%
   1696   132      515.8167  1819      578.0000      512.3073   710024   11.37%
   1712   177      515.9962  1790      578.0000      512.3073   857506   11.37%
   1728   181      516.4365  1813      578.0000      512.3073   864541   11.37%
   1742   211      515.6435  1805      578.0000      512.3073   961623   11.37%
Elapsed time = 252.47 sec. (120374.65 ticks, tree = 1.92 MB, solutions = 11)
   1763   213      516.5024  1849      578.0000      512.3073   964669   11.37%
   1770   203      533.7823  1575      578.0000      512.3073   924728   11.37%
   1781   257      516.0111  1780      578.0000      512.3073  1061103   11.37%
   1801   282      532.5548  1505      578.0000      512.3073  1106712   11.37%
   1827   250      525.9296  1225      578.0000      512.3073  1052996   11.37%
   1850   278      520.3712  1210      578.0000      512.3073  1108152   11.37%
   1880   318      519.2026  1266      578.0000      512.3073  1183270   11.37%
   1903   361      538.4965  1465      578.0000      512.3073  1244548   11.37%
   1925   368      538.7687  1455      578.0000      512.3073  1252655   11.37%
   1947   374      540.3660  1469      578.0000      512.3073  1258359   11.37%
Elapsed time = 273.95 sec. (130226.13 ticks, tree = 2.63 MB, solutions = 11)
   1980   327      522.9030  1804      578.0000      512.3073  1211293   11.37%
   2009   466      543.2216  1366      578.0000      512.3073  1422557   11.37%
   2033   472      544.2369  1312      578.0000      512.3073  1431000   11.37%
   2056   482      546.2995  1240      578.0000      512.3073  1439255   11.37%
   2087   497      552.4984  1087      578.0000      512.3073  1449004   11.37%
   2119   525      525.3740  1118      578.0000      512.3073  1556353   11.37%
   2165   568      524.9456  1149      578.0000      512.3073  1613841   11.37%
   2207   625      572.7945   865      578.0000      512.3073  1602213   11.37%
   2238   541      527.1739  1106      578.0000      512.3073  1584784   11.37%
   2262   604      524.8033  1123      578.0000      512.3073  1675937   11.37%
Elapsed time = 295.41 sec. (140211.86 ticks, tree = 3.98 MB, solutions = 11)
   2284   610      524.9894  1077      578.0000      512.3073  1685441   11.37%
   2312   615      541.7012   950      578.0000      512.3073  1669404   11.37%
   2335   627      542.9671   948      578.0000      512.3073  1679442   11.37%
   2356   645      530.5030  1085      578.0000      512.3073  1747271   11.37%
   2374   656      531.0293  1088      578.0000      512.3073  1778349   11.37%
   2414   818      526.7963  1095      578.0000      512.3073  1902012   11.37%
   2453   820      523.9291  1081      578.0000      512.3073  1915002   11.37%
   2502   836      529.4818  1081      578.0000      512.3073  1918787   11.37%
   2556   933      572.9657   968      578.0000      512.3073  2018149   11.37%
   2611   937      531.0818  1098      578.0000      512.3073  2050486   11.37%
Elapsed time = 316.61 sec. (150035.34 ticks, tree = 5.91 MB, solutions = 11)
   2648   981      536.9124  1032      578.0000      512.3073  2102798   11.37%
   2678   957      541.6718   979      578.0000      512.3073  2068242   11.37%
   2704   981      530.5735   917      578.0000      512.3073  2120678   11.37%
   2739  1045      546.0672   870      578.0000      512.3073  2169094   11.37%
   2782  1092      541.5214   937      578.0000      512.3073  2259826   11.37%
   2832  1030      521.4549  1673      578.0000      512.3073  2214488   11.37%
   2896  1126      566.4594   707      578.0000      512.3073  2245331   11.37%
   2945  1309      573.6588   942      578.0000      512.3073  2405193   11.37%
   2991  1315      545.2769   904      578.0000      512.3073  2436239   11.37%
   3037  1408      569.1074   666      578.0000      512.3073  2489940   11.37%
Elapsed time = 337.61 sec. (159804.80 ticks, tree = 8.70 MB, solutions = 11)
   3095  1337      550.5325   817      578.0000      512.3073  2454908   11.37%
   3127  1447      555.1882   706      578.0000      512.3073  2554288   11.37%
   3158  1466      556.5694   653      578.0000      512.3073  2562135   11.37%
   3179  1479      566.0426   623      578.0000      512.4161  2570057   11.35%
   3218  1478      535.9940  1508      578.0000      512.4161  2609945   11.35%
   3264  1319      524.0229  1793      578.0000      512.4161  2470105   11.35%
   3320  1544      527.1022  1644      578.0000      512.4161  2662274   11.35%
   3344  1660      539.5155   999      578.0000      512.4161  2742376   11.35%
   3368  1669      541.8254  1312      578.0000      512.4161  2751072   11.35%
   3386  1675      530.0557  1269      578.0000      512.4161  2801769   11.35%
Elapsed time = 359.36 sec. (169779.17 ticks, tree = 10.55 MB, solutions = 11)

GUB cover cuts applied:  217
Clique cuts applied:  191
Cover cuts applied:  119
Implied bound cuts applied:  419
Flow cuts applied:  1918
Mixed integer rounding cuts applied:  3328
Zero-half cuts applied:  103
Lift and project cuts applied:  20
Gomory fractional cuts applied:  9

Root node processing (before b&c):
  Real time             =    7.78 sec. (5776.27 ticks)
Parallel b&c, 6 threads:
  Real time             =  352.27 sec. (164642.46 ticks)
  Sync time (average)   =   11.56 sec.
  Wait time (average)   =    0.01 sec.
                          ------------
Total (root+branch&cut) =  360.05 sec. (170418.73 ticks)

Status of the found solution: Feasible

422