Executing exact solver
CPXPARAM_Threads                                 6
CPXPARAM_TimeLimit                               360
Tried aggregator 2 times.
MIP Presolve eliminated 5615 rows and 3908 columns.
MIP Presolve modified 6182 coefficients.
Aggregator did 12594 substitutions.
Reduced MIP has 26035 rows, 20694 columns, and 67438 nonzeros.
Reduced MIP has 7170 binaries, 700 generals, 0 SOSs, and 0 indicators.
Presolve time = 0.13 sec. (232.61 ticks)
Found incumbent of value 1000.000000 after 0.17 sec. (268.82 ticks)
Probing fixed 424 vars, tightened 0 bounds.
Probing time = 0.06 sec. (10.12 ticks)
Tried aggregator 1 time.
MIP Presolve eliminated 5158 rows and 437 columns.
Reduced MIP has 20877 rows, 20257 columns, and 53411 nonzeros.
Reduced MIP has 6742 binaries, 699 generals, 0 SOSs, and 0 indicators.
Presolve time = 0.06 sec. (68.34 ticks)
Probing time = 0.03 sec. (5.86 ticks)
Clique table members: 18541.
MIP emphasis: balance optimality and feasibility.
MIP search method: dynamic search.
Parallel mode: deterministic, using up to 6 threads.
Root relaxation solution time = 0.84 sec. (1306.82 ticks)

        Nodes                                         Cuts/
   Node  Left     Objective  IInf  Best Integer    Best Bound    ItCnt     Gap

*     0+    0                         1000.0000      666.0000            33.40%
*     0+    0                          957.0000      666.0000            30.41%
      0     0      725.3694   835      957.0000      725.3694     8508   24.20%
*     0+    0                          940.0000      725.3694            22.83%
      0     0      824.6261  1735      940.0000    Cuts: 5319    20941   12.27%
*     0+    0                          930.0000      824.6261            11.33%
      0     0      842.4910  1937      930.0000    Cuts: 4659    30790    9.41%
      0     0      843.9061  1965      930.0000    Cuts: 2361    34665    9.26%
      0     0      844.3346  2006      930.0000    Cuts: 1311    36760    9.21%
      0     0      844.5238  2066      930.0000     Cuts: 682    38341    9.19%
      0     0      844.6626  2040      930.0000     Cuts: 573    39251    9.18%
      0     0      844.6817  2063      930.0000     Cuts: 323    39691    9.17%
*     0+    0                          924.0000      844.6817             8.58%
      0     0      844.6847  1589      924.0000     Cuts: 212    39997    8.58%
      0     0      844.6902  1731      924.0000    Cuts: 1675    40988    8.58%
      0     2      844.6902  1731      924.0000      845.0394    40988    8.55%
Elapsed time = 43.44 sec. (27235.40 ticks, tree = 0.02 MB, solutions = 5)
      1     3      845.2749  1612      924.0000      845.0394    44466    8.55%
      4     6      845.9452  1600      924.0000      845.0394    51736    8.55%
      9     7      846.4411  1576      924.0000      845.0394    55871    8.55%
     14     7      846.0929  1448      924.0000      845.0394    53140    8.55%
     17    12      847.1359  1701      924.0000      845.0394    74616    8.55%
     18    15      846.3169  1795      924.0000      845.0394    87162    8.55%
     23    25      847.3806  1668      924.0000      845.0394   135258    8.55%
     28    23      847.3191  1677      924.0000      845.0394   121846    8.55%
     33    29      848.3554  1523      924.0000      845.0394   154088    8.55%
     54    50      848.8633  1622      924.0000      845.0394   216996    8.55%
Elapsed time = 50.77 sec. (31447.79 ticks, tree = 0.20 MB, solutions = 5)
     71    64      847.9540  1707      924.0000      845.0394   253097    8.55%
     89    75      850.6287  1666      924.0000      845.0394   291826    8.55%
    115    95      852.2060  1476      924.0000      845.0394   339833    8.55%
    167   148      879.3384   674      924.0000      845.0394   399049    8.55%
    293   164      860.6667  1162      924.0000      845.0394   441769    8.55%
*   332+  232                          920.0000      845.0394             8.15%
*   385+  283                          919.0000      845.0394             8.05%
    451   366      880.8660   566      919.0000      845.0394   518837    8.05%
    622   432      867.2230  1007      919.0000      845.0394   548065    8.05%
    735   532      884.1468   723      919.0000      845.1511   569107    8.04%
    844   635      906.0082   414      919.0000      845.1511   599518    8.04%
    941   736      909.2222   275      919.0000      845.1511   632776    8.04%
Elapsed time = 68.16 sec. (41088.56 ticks, tree = 6.10 MB, solutions = 7)
   1023   843      916.0000   197      919.0000      845.1511   691067    8.04%
   1094   915      916.6667   133      919.0000      845.1511   729185    8.04%
   1163   901      847.4448  1847      919.0000      845.1511   767134    8.04%
   1171   916      861.1968  1434      919.0000      845.1511   825826    8.04%
*  1174+  930                          918.0000      845.1511             7.94%
*  1175+  891                          916.0000      845.1511             7.73%
*  1175+  891                          915.0000      845.1511             7.63%
   1180   921      849.0739  1807      915.0000      845.7924   851887    7.56%
   1196   795      867.3434   945      915.0000      845.7924   881702    7.56%
   1222   820      877.5773   797      915.0000      845.7924   938854    7.56%
   1263   861      892.1217   492      915.0000      845.7924   996130    7.56%
   1331   899      911.1111   283      915.0000      845.7924   998332    7.56%
   1458   950      879.0630   764      915.0000      845.7924  1063147    7.56%
Elapsed time = 86.81 sec. (51087.28 ticks, tree = 8.04 MB, solutions = 10)
   1543  1008      899.8188   414      915.0000      845.7924  1094623    7.56%
   1605  1026      876.7407  1203      915.0000      845.7924  1118884    7.56%
   1634  1143      882.4175  1080      915.0000      845.7924  1152690    7.56%
   1673  1212      891.2351   874      915.0000      845.7924  1212786    7.56%
   1770  1250      887.4234   752      915.0000      845.7924  1279420    7.56%
   1840  1299      911.2563   362      915.0000      845.7924  1284776    7.56%
   1856  1363      848.7113  1818      915.0000      845.7924  1337524    7.56%
   1872  1372      854.8965  1885      915.0000      845.7924  1365915    7.56%
   1891  1383      852.9761  1874      915.0000      845.7924  1397649    7.56%
   1905  1388      858.7233  1655      915.0000      845.7924  1421400    7.56%
Elapsed time = 105.52 sec. (61043.97 ticks, tree = 12.36 MB, solutions = 10)
   1934  1420      860.8406  1368      915.0000      845.7924  1501352    7.56%
   1968  1431      860.3599  1767      915.0000      845.7924  1517341    7.56%
   2019  1447      851.1262  1845      915.0000      845.7924  1564970    7.56%
   2097  1550      879.9276   940      915.0000      845.7924  1663318    7.56%
   2138  1574      893.9359   598      915.0000      845.7924  1667738    7.56%
   2208  1564      853.9383  1827      915.0000      846.2057  1702025    7.52%
   2236  1653      868.3783  1648      915.0000      846.2057  1749087    7.52%
   2264  1660      857.0754  1817      915.0000      846.5236  1767218    7.48%
   2291  1729      871.4292  1674      915.0000      846.5236  1845872    7.48%
   2308  1734      859.2761  1746      915.0000      846.5236  1859216    7.48%
Elapsed time = 124.38 sec. (70871.81 ticks, tree = 15.68 MB, solutions = 10)
   2325  1784      865.2929  1705      915.0000      846.5236  1947690    7.48%
   2349  1783      861.9184  1837      915.0000      846.5236  1951068    7.48%
   2382  1814      879.0538  1331      915.0000      846.5236  1989188    7.48%
   2408  1832      863.0701  1822      915.0000      846.5882  2034487    7.48%
   2440  1866      866.7474  1589      915.0000      846.5882  2088309    7.48%
   2472  1873      868.0766  1766      915.0000      846.5882  2099001    7.48%
   2502  1923      870.5439  1716      915.0000      846.5882  2187962    7.48%
   2532  1889      848.7851  1834      915.0000      846.6464  2124267    7.47%
   2565  2016      873.0835  1396      915.0000      846.6464  2329078    7.47%
   2593  2030      876.7399  1547      915.0000      846.6464  2340473    7.47%
Elapsed time = 142.91 sec. (80748.93 ticks, tree = 18.74 MB, solutions = 10)
   2627  2039      878.9627  1565      915.0000      846.6464  2352103    7.47%
   2670  2080      885.0195  1467      915.0000      846.6464  2407461    7.47%
   2712  2106      888.1817  1111      915.0000      846.6464  2438924    7.47%
   2761  2149      847.6974  1759      915.0000      846.6494  2506436    7.47%
   2807  2210      901.7549  1053      915.0000      846.6494  2546923    7.47%
   2849  2236      849.2021  1803      915.0000      846.6494  2619478    7.47%
   2870  2202      861.8115  1616      915.0000      846.8538  2568913    7.45%
*  2884+ 1572                          912.0000      860.7441             5.62%

GUB cover cuts applied:  96
Clique cuts applied:  466
Cover cuts applied:  38
Implied bound cuts applied:  873
Flow cuts applied:  1066
Mixed integer rounding cuts applied:  2661
Flow path cuts applied:  2
Zero-half cuts applied:  30
Lift and project cuts applied:  10
Gomory fractional cuts applied:  3

Root node processing (before b&c):
  Real time             =   43.39 sec. (27204.36 ticks)
Parallel b&c, 6 threads:
  Real time             =  316.70 sec. (156549.38 ticks)
  Sync time (average)   =    8.37 sec.
  Wait time (average)   =    0.00 sec.
                          ------------
Total (root+branch&cut) =  360.09 sec. (183753.73 ticks)

Status of the found solution: Feasible

88