Executing exact solver
CPXPARAM_Threads                                 6
CPXPARAM_TimeLimit                               360
Tried aggregator 2 times.
MIP Presolve eliminated 1385 rows and 1110 columns.
MIP Presolve modified 1691 coefficients.
Aggregator did 3379 substitutions.
Reduced MIP has 6606 rows, 6396 columns, and 17207 nonzeros.
Reduced MIP has 2474 binaries, 662 generals, 0 SOSs, and 0 indicators.
Presolve time = 0.03 sec. (92.69 ticks)
Found incumbent of value 955.000000 after 0.05 sec. (102.51 ticks)
Probing fixed 59 vars, tightened 0 bounds.
Probing time = 0.02 sec. (1.70 ticks)
Tried aggregator 1 time.
MIP Presolve eliminated 944 rows and 435 columns.
Reduced MIP has 5662 rows, 5961 columns, and 14771 nonzeros.
Reduced MIP has 2274 binaries, 615 generals, 0 SOSs, and 0 indicators.
Presolve time = 0.02 sec. (35.26 ticks)
Probing time = 0.00 sec. (1.16 ticks)
Clique table members: 2253.
MIP emphasis: balance optimality and feasibility.
MIP search method: dynamic search.
Parallel mode: deterministic, using up to 6 threads.
Root relaxation solution time = 0.03 sec. (34.65 ticks)

        Nodes                                         Cuts/
   Node  Left     Objective  IInf  Best Integer    Best Bound    ItCnt     Gap

*     0+    0                          577.0000      169.0000            70.71%
      0     0      211.3202   236      577.0000      211.3202     1749   63.38%
      0     0      270.8946    73      577.0000    Cuts: 1403     2266   53.05%
*     0+    0                          284.0000      270.8946             4.61%
      0     0      272.9234    61      284.0000     Cuts: 106     2357    3.90%
      0     0      273.3652    61      284.0000      Cuts: 27     2387    3.74%
*     0+    0                          282.0000      273.3652             3.06%
      0     0      273.4550    62      282.0000      Cuts: 19     2431    3.03%
      0     0      273.6619    62      282.0000      Cuts: 19     2451    2.96%
*     0+    0                          278.0000      273.6619             1.56%

Repeating presolve.
Tried aggregator 1 time.
MIP Presolve eliminated 2535 rows and 2739 columns.
Reduced MIP has 3127 rows, 3222 columns, and 8153 nonzeros.
Reduced MIP has 1236 binaries, 300 generals, 0 SOSs, and 0 indicators.
Presolve time = 0.00 sec. (20.23 ticks)
Probing time = 0.00 sec. (1.61 ticks)
Tried aggregator 1 time.
MIP Presolve eliminated 1444 rows and 1491 columns.
Reduced MIP has 1683 rows, 1731 columns, and 4394 nonzeros.
Reduced MIP has 664 binaries, 157 generals, 0 SOSs, and 0 indicators.
Presolve time = 0.00 sec. (4.72 ticks)
Probing time = 0.00 sec. (0.93 ticks)
Tried aggregator 1 time.
Reduced MIP has 1683 rows, 1731 columns, and 4394 nonzeros.
Reduced MIP has 664 binaries, 157 generals, 0 SOSs, and 0 indicators.
Presolve time = 0.00 sec. (4.07 ticks)
Represolve time = 0.14 sec. (106.53 ticks)
Probing time = 0.00 sec. (0.93 ticks)
Clique table members: 818.
MIP emphasis: balance optimality and feasibility.
MIP search method: dynamic search.
Parallel mode: deterministic, using up to 6 threads.
Root relaxation solution time = 0.02 sec. (9.22 ticks)

        Nodes                                         Cuts/
   Node  Left     Objective  IInf  Best Integer    Best Bound    ItCnt     Gap

*     0+    0                          278.0000      274.0746             1.41%
      0     0      275.5556    34      278.0000      275.5556     2998    0.88%
*     0+    0                          277.0000      275.5556             0.52%
      0     0        cutoff            277.0000      277.0000     3007    0.00%
Elapsed time = 0.80 sec. (730.71 ticks, tree = 0.01 MB, solutions = 6)

Clique cuts applied:  140
Implied bound cuts applied:  233
Mixed integer rounding cuts applied:  2
Flow path cuts applied:  1
Lift and project cuts applied:  10
Gomory fractional cuts applied:  47

Root node processing (before b&c):
  Real time             =    0.80 sec. (731.11 ticks)
Parallel b&c, 6 threads:
  Real time             =    0.00 sec. (0.00 ticks)
  Sync time (average)   =    0.00 sec.
  Wait time (average)   =    0.00 sec.
                          ------------
Total (root+branch&cut) =    0.80 sec. (731.11 ticks)

Status of the found solution: Optimal

723