Executing exact solver
CPXPARAM_Threads                                 6
CPXPARAM_TimeLimit                               360
Tried aggregator 2 times.
MIP Presolve eliminated 3060 rows and 2214 columns.
MIP Presolve modified 7140 coefficients.
Aggregator did 14076 substitutions.
Reduced MIP has 28138 rows, 22478 columns, and 74494 nonzeros.
Reduced MIP has 7806 binaries, 800 generals, 0 SOSs, and 0 indicators.
Presolve time = 0.13 sec. (256.50 ticks)
Found incumbent of value 1000.000000 after 0.17 sec. (295.86 ticks)
Probing fixed 303 vars, tightened 0 bounds.
Probing time = 0.05 sec. (8.46 ticks)
Tried aggregator 1 time.
MIP Presolve eliminated 4229 rows and 303 columns.
Reduced MIP has 23909 rows, 22175 columns, and 62729 nonzeros.
Reduced MIP has 7503 binaries, 800 generals, 0 SOSs, and 0 indicators.
Presolve time = 0.06 sec. (61.46 ticks)
Probing time = 0.03 sec. (6.02 ticks)
Clique table members: 16300.
MIP emphasis: balance optimality and feasibility.
MIP search method: dynamic search.
Parallel mode: deterministic, using up to 6 threads.
Root relaxation solution time = 1.86 sec. (2395.60 ticks)

        Nodes                                         Cuts/
   Node  Left     Objective  IInf  Best Integer    Best Bound    ItCnt     Gap

*     0+    0                         1000.0000      433.0000            56.70%
*     0+    0                          878.0000      433.0000            50.68%
      0     0      528.1323  1426      878.0000      528.1323    10965   39.85%
*     0+    0                          857.0000      528.1323            38.37%
      0     0      664.9449  2188      857.0000    Cuts: 6077    31525   22.41%
      0     0      681.5457  2250      857.0000    Cuts: 4349    41941   20.47%
      0     0      684.0328  2372      857.0000    Cuts: 2419    47221   20.18%
*     0+    0                          855.0000      684.0328            20.00%
      0     0      684.8126  2351      855.0000    Cuts: 1901    50159   19.90%
      0     0      685.3070  2381      855.0000     Cuts: 941    52646   19.85%
      0     0      685.9191  2391      855.0000    Cuts: 1432    55253   19.78%
      0     0      686.1058  2433      855.0000    Cuts: 1010    56594   19.75%
      0     0      686.2878  2410      855.0000     Cuts: 650    57647   19.73%
      0     0      686.3387  2445      855.0000     Cuts: 372    58036   19.73%
      0     0      686.3622  2463      855.0000     Cuts: 303    58523   19.72%
*     0+    0                          756.0000      686.3622             9.21%
*     0+    0                          753.0000      686.3622             8.85%
*     0+    0                          751.0000      686.3622             8.61%
      0     2      686.3622  2463      751.0000      686.3622    58523    8.61%
Elapsed time = 89.56 sec. (48621.38 ticks, tree = 0.02 MB, solutions = 7)
      1     3      688.4551  1808      751.0000      686.3622    61966    8.61%
      3     5      687.8871  1800      751.0000      687.0107    66442    8.52%
      5     6      688.0286  1779      751.0000      687.0107    67186    8.52%
      9    11      688.2698  1796      751.0000      687.0107    72127    8.52%
     10     9      690.8944  2362      751.0000      687.0107    72912    8.52%
     12    12      691.0071  2334      751.0000      687.0107    73936    8.52%
     13    12      688.6612  1719      751.0000      687.0107    74773    8.52%
     15    15      689.4142  1697      751.0000      687.0107    81212    8.52%
     16    16      689.4289  1686      751.0000      687.0107    82116    8.52%
     22     6      688.6602  1770      751.0000      687.0107    67774    8.52%
Elapsed time = 104.34 sec. (56838.31 ticks, tree = 0.02 MB, solutions = 7)
*    26+    5                          750.0000      687.8899             8.28%
     27    25      689.5613  2389      750.0000      688.0303   101306    8.26%
     31    27      691.8093  2278      750.0000      688.0303   120572    8.26%
     36    33      690.5384  1715      750.0000      688.0303   135717    8.26%
     39    39      690.6583  1702      750.0000      688.0303   200356    8.26%
     43    43      690.7105  2213      750.0000      688.0303   234087    8.26%
     47    40      691.7041  2386      750.0000      688.0303   223280    8.26%
     50    46      691.2612  1634      750.0000      688.0303   248768    8.26%
     55    52      691.2684  1653      750.0000      688.0303   280794    8.26%
     58    48      714.4951  1919      750.0000      688.0303   263948    8.26%
     64    60      700.8287  1566      750.0000      688.0303   317054    8.26%
Elapsed time = 131.81 sec. (69282.91 ticks, tree = 0.46 MB, solutions = 8)
     73    58      706.0248  1421      750.0000      688.0303   308085    8.26%
     82    72      724.1651  1795      750.0000      688.0303   338738    8.26%
     94    73      711.5271  1227      750.0000      688.0303   336844    8.26%
    109   101      705.3595  1219      750.0000      688.0303   382455    8.26%
    128    75      693.1401  1678      750.0000      688.0303   368344    8.26%
    143   117      708.0155  1143      750.0000      688.0303   387938    8.26%
    165   105      695.1595  2149      750.0000      688.0303   397280    8.26%
    174   141      716.8121  1162      750.0000      688.0303   423821    8.26%
    186   116      693.8127  1653      750.0000      688.0303   417300    8.26%
    192   174      698.4447  1537      750.0000      688.0303   458775    8.26%
Elapsed time = 153.45 sec. (79723.58 ticks, tree = 14.30 MB, solutions = 8)
    198   166      704.3673  1381      750.0000      688.0303   443462    8.26%
    206   197      714.9023  1002      750.0000      688.0303   482636    8.26%
    221   189      746.2119  1155      750.0000      688.0303   468691    8.26%
    248   188      699.6650  2318      750.0000      688.0303   481748    8.26%
    251   217      698.9147  2235      750.0000      688.0303   506897    8.26%
    254   216      722.0391  1124      750.0000      688.0303   489834    8.26%
    263   243      721.4544   974      750.0000      688.0303   524067    8.26%
    270   249      699.1331  1544      750.0000      688.0303   535868    8.26%
    278   244      695.1112  1747      750.0000      688.0303   531325    8.26%
    283   254      697.0975  2124      750.0000      688.0303   547293    8.26%
Elapsed time = 176.97 sec. (92285.15 ticks, tree = 29.74 MB, solutions = 8)
    293   271      695.5243  1734      750.0000      688.0303   567646    8.26%
    302   256      701.5422  1543      750.0000      688.0303   545650    8.26%
    319   284      726.8003   899      750.0000      688.0303   569026    8.26%
    331   307      725.8898   914      750.0000      688.0303   619662    8.26%
    340   283      700.8746  1580      750.0000      688.0303   595870    8.26%
    348   317      696.1081  1706      750.0000      688.0303   637054    8.26%
    362   331      704.6806  1754      750.0000      688.0303   657882    8.26%
    385   355      735.9123   829      750.0000      688.0303   668608    8.26%
    396   361      738.0790   822      750.0000      688.0303   670768    8.26%
    414   324      697.1835  1807      750.0000      688.0303   645735    8.26%
Elapsed time = 198.25 sec. (102641.98 ticks, tree = 45.44 MB, solutions = 8)
*   418+  313                          740.0000      688.0303             7.02%
    418   315      702.0663  2138      740.0000      688.0303   635265    7.02%
    429   378      747.1720   826      740.0000      688.0303   678075    7.02%
    455   356      698.7889  2167      740.0000      688.0303   698830    7.02%
    458   363      708.3958  1579      740.0000      688.0303   706784    7.02%
    467   375      708.6286  1724      740.0000      688.0303   726131    7.02%
    475   391      692.1438  2345      740.0000      688.0303   685978    7.02%
    477   369      704.0543  1498      740.0000      688.0303   708544    7.02%
*   480+  374                          733.0000      688.0303             6.14%
    485   369      702.0541  1325      733.0000      688.0303   691452    6.14%
    493   392      712.3358  2409      733.0000      688.0303   785072    6.14%
    502   402      703.4973  1317      733.0000      688.0303   795341    6.14%
Elapsed time = 221.03 sec. (113886.30 ticks, tree = 58.74 MB, solutions = 10)
    506   403      707.3636  1328      733.0000      688.0303   797969    6.14%
    517   393      709.6974  1728      733.0000      688.0303   785586    6.14%
    525   408      706.0336  1225      733.0000      688.0303   803076    6.14%
    536   410      708.6483  1592      733.0000      688.0303   805811    6.14%
    551   419      695.7610  2421      733.0000      688.0303   826735    6.14%
    559   420      708.4710  1515      733.0000      688.0303   818640    6.14%
    570   444      708.2331  1188      733.0000      688.0303   852963    6.14%
    582   431      720.5359  2013      733.0000      688.0303   840696    6.14%
    598   455      712.2762   950      733.0000      688.0303   857782    6.14%
    617   486      705.0403  2085      733.0000      688.0303   907898    6.14%
Elapsed time = 241.50 sec. (124261.15 ticks, tree = 75.90 MB, solutions = 10)
    624   449      713.4056  1592      733.0000      688.0303   862636    6.14%
    643   529      717.9823  1042      733.0000      688.0303   940426    6.14%
    657   465      724.9936  2177      733.0000      688.0303   880311    6.14%
    680   487      714.2217  1322      733.0000      688.0303   903968    6.14%
    706   511      728.8771  1510      733.0000      688.0303   935488    6.14%
    725   513      728.9433  1548      733.0000      688.0303   937638    6.14%
    749   518      731.0871  1458      733.0000      688.0303   940143    6.14%
    773   567      725.0678  1005      733.0000      688.0303   957971    6.14%
    791   599      726.5945  2054      733.0000      688.0303  1009279    6.14%
    813   651      729.6717   916      733.0000      688.0303  1031864    6.14%
Elapsed time = 260.94 sec. (134440.68 ticks, tree = 112.06 MB, solutions = 10)
    836   658      729.9968   824      733.0000      688.0303  1034849    6.14%
    859   606      730.4186  1888      733.0000      688.0303  1017056    6.14%
    887   590      723.2804  1270      733.0000      688.0303   989269    6.14%
    912   611      723.4942  2004      733.0000      688.0303  1022022    6.14%
    924   601      730.7027  2036      733.0000      688.0303  1003102    6.14%
    936   719      728.8640  1262      733.0000      688.0303  1093239    6.14%
    955   722      730.6481  1217      733.0000      688.1501  1095884    6.12%
    972   697      723.2177  1332      733.0000      688.1501  1081116    6.12%
    983   702      726.8670  1269      733.0000      688.1501  1083900    6.12%
    993   808      699.3389  2289      733.0000      688.1501  1159448    6.12%
Elapsed time = 281.83 sec. (144638.21 ticks, tree = 148.03 MB, solutions = 10)
   1006   811      700.4277  2290      733.0000      688.1501  1162007    6.12%
   1023   833      728.0376  1142      733.0000      688.1501  1177617    6.12%
   1041   839        cutoff            733.0000      688.1501  1180454    6.12%
   1053   835      710.1945  1438      733.0000      688.1501  1193983    6.12%
   1061   838      711.4204  1303      733.0000      688.1501  1196768    6.12%
   1065   838      692.8984  2403      733.0000      688.2713  1185907    6.10%
   1073   853      699.1519  1635      733.0000      688.2713  1233390    6.10%
   1075   854      703.0046  1720      733.0000      688.2713  1235988    6.10%
   1081   856      715.7736  1323      733.0000      688.9317  1229106    6.01%
   1142   890      713.7274  1317      733.0000      688.9317  1268542    6.01%
Elapsed time = 311.22 sec. (158729.10 ticks, tree = 167.26 MB, solutions = 10)
   1181   933      717.7395  1304      733.0000      688.9317  1310855    6.01%
   1233   978      701.6914  2236      733.0000      688.9317  1358214    6.01%
   1317  1033      722.7124  1398      733.0000      688.9317  1400821    6.01%
   1395  1098      712.8610  2140      733.0000      688.9317  1453003    6.01%
   1449  1142      705.2724  1575      733.0000      688.9317  1477706    6.01%
   1495  1231      698.8982  1670      733.0000      688.9317  1561613    6.01%

Clique cuts applied:  1103
Implied bound cuts applied:  3804
Flow cuts applied:  22
Mixed integer rounding cuts applied:  506
Flow path cuts applied:  3
Zero-half cuts applied:  10

Root node processing (before b&c):
  Real time             =   89.50 sec. (48587.08 ticks)
Parallel b&c, 6 threads:
  Real time             =  270.58 sec. (134328.94 ticks)
  Sync time (average)   =   20.76 sec.
  Wait time (average)   =    0.00 sec.
                          ------------
Total (root+branch&cut) =  360.08 sec. (182916.02 ticks)

Status of the found solution: Feasible

267