Executing exact solver
CPXPARAM_Threads                                 6
CPXPARAM_TimeLimit                               360
Tried aggregator 2 times.
MIP Presolve eliminated 6501 rows and 4607 columns.
MIP Presolve modified 11580 coefficients.
Aggregator did 23664 substitutions.
Reduced MIP has 48795 rows, 37869 columns, and 128440 nonzeros.
Reduced MIP has 12901 binaries, 800 generals, 0 SOSs, and 0 indicators.
Presolve time = 0.23 sec. (673.55 ticks)
Found incumbent of value 1000.000000 after 0.31 sec. (741.09 ticks)
Probing fixed 553 vars, tightened 0 bounds.
Probing time = 0.09 sec. (13.82 ticks)
Tried aggregator 1 time.
MIP Presolve eliminated 10184 rows and 553 columns.
Reduced MIP has 38611 rows, 37316 columns, and 99991 nonzeros.
Reduced MIP has 12348 binaries, 800 generals, 0 SOSs, and 0 indicators.
Presolve time = 0.11 sec. (153.47 ticks)
Probing time = 0.05 sec. (9.50 ticks)
Clique table members: 28428.
MIP emphasis: balance optimality and feasibility.
MIP search method: dynamic search.
Parallel mode: deterministic, using up to 6 threads.
Root relaxation solution time = 2.97 sec. (4079.65 ticks)

        Nodes                                         Cuts/
   Node  Left     Objective  IInf  Best Integer    Best Bound    ItCnt     Gap

*     0+    0                         1000.0000      736.0000            26.40%
*     0+    0                          959.0000      736.0000            23.25%
      0     0      782.5605  1404      959.0000      782.5605    12147   18.40%
*     0+    0                          957.0000      782.5605            18.23%
      0     0      867.9698  2921      957.0000    Cuts: 9752    50136    9.30%
      0     0      876.0955  3250      957.0000    Cuts: 5682    73106    8.45%
      0     0      877.2756  3191      957.0000    Cuts: 2525    84354    8.33%
*     0+    0                          952.0000      877.2756             7.85%
*     0+    0                          951.0000      877.2756             7.75%
      0     0      877.7560  3294      951.0000    Cuts: 1823    89318    7.70%
      0     0      877.9966  3267      951.0000    Cuts: 1331    94022    7.68%
      0     0      878.1225  3314      951.0000    Cuts: 1138    99681    7.66%
      0     0      878.2430  3335      951.0000     Cuts: 727   102851    7.65%
      0     0      878.3735  3318      951.0000     Cuts: 692   105960    7.64%
      0     0      878.4403  3329      951.0000     Cuts: 838   108771    7.63%
      0     0      878.4828  3363      951.0000     Cuts: 814   111956    7.63%
Heuristic still looking.
*     0+    0                          938.0000      878.4828             6.35%
*     0+    0                          921.0000      878.4828             4.62%
      0     2      878.4828  3363      921.0000      878.6287   111956    4.60%
Elapsed time = 258.27 sec. (113648.35 ticks, tree = 0.02 MB, solutions = 7)
      1     3      878.8062  3157      921.0000      878.6287   125769    4.60%
      2     3      879.3810  2935      921.0000      878.6287   132757    4.60%
      3     4      879.8401  3026      921.0000      878.6287   136719    4.60%
      4     6      880.4485  3058      921.0000      878.8149   166665    4.58%
      6     5      881.7176  3202      921.0000      878.8149   165240    4.58%
      7     7      880.9747  2936      921.0000      878.8149   185909    4.58%
      8     5      880.5349  3156      921.0000      878.8149   160130    4.58%
      9     8      880.6101  2603      921.0000      879.0603   214912    4.55%
     10     9      882.8004  3251      921.0000      879.0603   225162    4.55%
     12    10      882.3683  3098      921.0000      879.0603   252694    4.55%
Elapsed time = 319.50 sec. (139423.95 ticks, tree = 0.03 MB, solutions = 7)
     13     7      881.7672  3121      921.0000      879.0603   193676    4.55%
     15    15      882.8132  2989      921.0000      879.0603   382800    4.55%
     18    14      882.2132  3071      921.0000      879.0603   354943    4.55%
     19    16      883.1218  3013      921.0000      879.0603   398893    4.55%
     20    16      884.4397  3325      921.0000      879.0603   440616    4.55%
     21    18      882.8028  3154      921.0000      879.0603   492050    4.55%

Clique cuts applied:  1922
Implied bound cuts applied:  5782
Flow cuts applied:  19
Mixed integer rounding cuts applied:  522
Zero-half cuts applied:  13

Root node processing (before b&c):
  Real time             =  258.16 sec. (113595.27 ticks)
Parallel b&c, 6 threads:
  Real time             =  101.94 sec. (40859.68 ticks)
  Sync time (average)   =   10.20 sec.
  Wait time (average)   =    0.00 sec.
                          ------------
Total (root+branch&cut) =  360.09 sec. (154454.95 ticks)

Status of the found solution: Feasible

79