Executing exact solver
CPXPARAM_Threads                                 6
CPXPARAM_TimeLimit                               360
Tried aggregator 2 times.
MIP Presolve eliminated 12833 rows and 8790 columns.
MIP Presolve modified 14864 coefficients.
Aggregator did 31584 substitutions.
Reduced MIP has 67423 rows, 51566 columns, and 174802 nonzeros.
Reduced MIP has 17426 binaries, 700 generals, 0 SOSs, and 0 indicators.
Presolve time = 0.34 sec. (1234.92 ticks)
Found incumbent of value 1000.000000 after 0.45 sec. (1327.60 ticks)
Probing fixed 648 vars, tightened 0 bounds.
Probing time = 0.22 sec. (30.31 ticks)
Tried aggregator 1 time.
MIP Presolve eliminated 16576 rows and 648 columns.
Reduced MIP has 50847 rows, 50918 columns, and 128953 nonzeros.
Reduced MIP has 16778 binaries, 700 generals, 0 SOSs, and 0 indicators.
Presolve time = 0.22 sec. (467.46 ticks)
Probing time = 0.08 sec. (11.36 ticks)
Clique table members: 66452.
MIP emphasis: balance optimality and feasibility.
MIP search method: dynamic search.
Parallel mode: deterministic, using up to 6 threads.
Root relaxation solution time = 3.34 sec. (4644.97 ticks)

        Nodes                                         Cuts/
   Node  Left     Objective  IInf  Best Integer    Best Bound    ItCnt     Gap

*     0+    0                         1000.0000      942.0000             5.80%
*     0+    0                          996.0000      942.0000             5.42%
      0     0      951.6843   808      996.0000      951.6843     9583    4.45%
      0     0      970.4734  2599      996.0000   Cuts: 10000    26033    2.56%
*     0+    0                          990.0000      970.4734             1.97%
      0     0      975.1347  2927      990.0000    Cuts: 6800    40966    1.50%
      0     0      975.3389  2614      990.0000    Cuts: 1936    45750    1.48%
      0     0      975.4137  2557      990.0000    Cuts: 1278    47636    1.47%
*     0+    0                          987.0000      975.4137             1.17%
      0     0      975.4403  3046      987.0000     Cuts: 745    51269    1.17%
      0     0      975.4523  2513      987.0000     Cuts: 677    53074    1.17%
      0     0      975.4634  3059      987.0000     Cuts: 595    53776    1.17%
Heuristic still looking.
Heuristic still looking.
      0     2      975.4634  2489      987.0000      975.4634    53776    1.17%
Elapsed time = 65.50 sec. (73313.09 ticks, tree = 0.02 MB, solutions = 4)
      1     3      975.6335  2206      987.0000      975.5348    62138    1.16%
      2     3      975.5380  2238      987.0000      975.5348    57108    1.16%
      3     4      975.6978  2097      987.0000      975.5348    65380    1.16%
      4     4      976.4773  1979      987.0000      975.5348    77235    1.16%
      5     5      975.8556  1996      987.0000      975.5380    76420    1.16%
      6     6      976.2232  2534      987.0000      975.5380    78026    1.16%
      7     6      976.3836  2249      987.0000      975.5380    81014    1.16%
      8     7      977.0937  2370      987.0000      975.5380    89683    1.16%
     10    11      977.7051  2039      987.0000      975.5380   124321    1.16%
     12     9      976.6299  2254      987.0000      975.8568   111385    1.13%
Elapsed time = 102.80 sec. (89725.24 ticks, tree = 0.04 MB, solutions = 4)
     14    10      977.0159  1949      987.0000      975.8568   124626    1.13%
     15    16      977.1124  2017      987.0000      975.8568   159749    1.13%
     17    17      977.1414  1940      987.0000      975.8568   161946    1.13%
     20    15      976.7233  2533      987.0000      975.8568   158759    1.13%
     21    17      978.8720  2340      987.0000      975.8568   181157    1.13%
     23    24      979.0331  2235      987.0000      975.8568   214999    1.13%
     25    22      976.9030  2662      987.0000      975.8568   201859    1.13%
     27    23      976.9943  2460      987.0000      975.8568   211563    1.13%
     28    25      979.5723  1647      987.0000      975.8568   223624    1.13%
     29    28      977.1857  2659      987.0000      975.8568   269252    1.13%
Elapsed time = 167.28 sec. (110262.04 ticks, tree = 0.56 MB, solutions = 4)
     31    26      979.4748  1950      987.0000      975.8568   247519    1.13%
     32    29      977.2082  2012      987.0000      975.8568   284631    1.13%
     34    27      977.2610  2649      987.0000      975.8568   258976    1.13%
     36    31      979.8362  2044      987.0000      975.8568   294957    1.13%
     37    35      979.9357  1802      987.0000      975.8568   325246    1.13%
     39    39      980.2475  1816      987.0000      975.8568   367775    1.13%
     45    46      983.6111   195      987.0000      975.8568   393013    1.13%
     53    37      980.1187  1968      987.0000      975.8568   364573    1.13%
     58    41      980.1318  1421      987.0000      975.8568   384188    1.13%
     60    44      977.6236  2167      987.0000      975.8568   402817    1.13%
Elapsed time = 215.19 sec. (124813.40 ticks, tree = 1.21 MB, solutions = 4)
     63    47      980.4347  1351      987.0000      975.8568   426210    1.13%
     67    51      982.7444  1021      987.0000      975.8568   438617    1.13%
     70    48      981.0059   833      987.0000      975.8568   435209    1.13%
     80    48      981.5614   833      987.0000      975.8568   435211    1.13%
     84    57      977.2943  2149      987.0000      975.8568   455762    1.13%
     91    62      983.3056   466      987.0000      975.8568   484518    1.13%
     97    69      983.6667   328      987.0000      975.8568   512045    1.13%
    106    71      985.3333   233      987.0000      975.8568   517164    1.13%
    115    73      981.6111   347      987.0000      975.8568   549183    1.13%
    119    73      982.0111   681      987.0000      975.8568   547012    1.13%
Elapsed time = 262.25 sec. (137171.62 ticks, tree = 1.19 MB, solutions = 4)
    127    71      976.4794  2433      987.0000      975.8568   525628    1.13%
    130    75      982.5000   617      987.0000      975.8568   554937    1.13%
    142    69      981.0556  1624      987.0000      975.8568   525988    1.13%
    145    91        cutoff            987.0000      975.8568   634251    1.13%
    150    84      980.9583   293      987.0000      975.8568   588020    1.13%
    164    87      985.0000   314      987.0000      975.8568   606635    1.13%
    169    91      976.7620  2657      987.0000      975.8568   644475    1.13%
*   173+  105                          985.0000      975.8568             0.93%
    175   100      978.6221  1909      985.0000      976.0207   683466    0.91%
    179   102      978.9811  1798      985.0000      976.0207   688113    0.91%
    181   104      977.1612  2709      985.0000      976.0207   742046    0.91%
Elapsed time = 302.05 sec. (148540.49 ticks, tree = 2.03 MB, solutions = 5)
    184   103      981.8519   891      985.0000      976.0207   696801    0.91%
    189   109      983.8452   370      985.0000      976.0207   788486    0.91%
    192   110      976.6574  2662      985.0000      976.0207   803555    0.91%
    195   117      982.9000   992      985.0000      976.0207   823323    0.91%
    198   108      978.1466  2335      985.0000      976.0207   808122    0.91%
    205   121      980.1359  2217      985.0000      976.0207   852451    0.91%
    208   120      979.4614  1389      985.0000      976.0207   870098    0.91%
    211   125      982.2570  2301      985.0000      976.0207   905839    0.91%
    213   121      979.6980  1814      985.0000      976.0207   876417    0.91%
    217   105      976.2020  2183      985.0000      976.1651   751317    0.90%
Elapsed time = 358.16 sec. (162332.15 ticks, tree = 2.07 MB, solutions = 5)
    220   127      979.3238  1355      985.0000      976.1651   930767    0.90%

Clique cuts applied:  4154
Implied bound cuts applied:  7877
Flow cuts applied:  16
Mixed integer rounding cuts applied:  16
Flow path cuts applied:  2
Zero-half cuts applied:  68
Lift and project cuts applied:  1
Gomory fractional cuts applied:  1

Root node processing (before b&c):
  Real time             =   65.30 sec. (73219.14 ticks)
Parallel b&c, 6 threads:
  Real time             =  294.81 sec. (90659.38 ticks)
  Sync time (average)   =   21.41 sec.
  Wait time (average)   =    0.00 sec.
                          ------------
Total (root+branch&cut) =  360.11 sec. (163878.53 ticks)

Status of the found solution: Feasible

15